{"C:\\WHEELS WEB\\wheels_web\\frontend\\app\\_tests_\\test-utils\\next.tsx": {"path":"C:\\WHEELS WEB\\wheels_web\\frontend\\app\\_tests_\\test-utils\\next.tsx","statementMap":{"0":{"start":{"line":20,"column":0},"end":{"line":29,"column":null}},"1":{"start":{"line":20,"column":36},"end":{"line":29,"column":null}},"2":{"start":{"line":21,"column":20},"end":{"line":26,"column":null}},"3":{"start":{"line":27,"column":21},"end":{"line":27,"column":null}},"4":{"start":{"line":28,"column":19},"end":{"line":28,"column":null}},"5":{"start":{"line":32,"column":0},"end":{"line":39,"column":null}},"6":{"start":{"line":33,"column":2},"end":{"line":38,"column":null}},"7":{"start":{"line":34,"column":40},"end":{"line":34,"column":null}},"8":{"start":{"line":36,"column":6},"end":{"line":36,"column":null}},"9":{"start":{"line":37,"column":4},"end":{"line":37,"column":null}},"10":{"start":{"line":42,"column":0},"end":{"line":48,"column":null}},"11":{"start":{"line":43,"column":2},"end":{"line":47,"column":null}},"12":{"start":{"line":44,"column":4},"end":{"line":46,"column":null}},"13":{"start":{"line":45,"column":6},"end":{"line":45,"column":null}},"14":{"start":{"line":7,"column":13},"end":{"line":7,"column":24}},"15":{"start":{"line":8,"column":13},"end":{"line":8,"column":28}},"16":{"start":{"line":6,"column":13},"end":{"line":6,"column":24}},"17":{"start":{"line":5,"column":13},"end":{"line":5,"column":27}},"18":{"start":{"line":16,"column":13},"end":{"line":16,"column":29}},"19":{"start":{"line":13,"column":13},"end":{"line":13,"column":31}},"20":{"start":{"line":50,"column":9},"end":{"line":50,"column":26}},"21":{"start":{"line":49,"column":9},"end":{"line":49,"column":28}},"22":{"start":{"line":2,"column":18},"end":{"line":2,"column":null}},"23":{"start":{"line":5,"column":27},"end":{"line":5,"column":null}},"24":{"start":{"line":6,"column":24},"end":{"line":6,"column":null}},"25":{"start":{"line":7,"column":24},"end":{"line":7,"column":null}},"26":{"start":{"line":8,"column":28},"end":{"line":8,"column":null}},"27":{"start":{"line":10,"column":16},"end":{"line":10,"column":null}},"28":{"start":{"line":11,"column":35},"end":{"line":11,"column":null}},"29":{"start":{"line":13,"column":31},"end":{"line":15,"column":null}},"30":{"start":{"line":14,"column":2},"end":{"line":14,"column":null}},"31":{"start":{"line":16,"column":29},"end":{"line":18,"column":null}},"32":{"start":{"line":17,"column":2},"end":{"line":17,"column":null}}},"fnMap":{"0":{"name":"(anonymous_0)","decl":{"start":{"line":20,"column":29},"end":{"line":20,"column":36}},"loc":{"start":{"line":20,"column":36},"end":{"line":29,"column":null}}},"1":{"name":"(anonymous_1)","decl":{"start":{"line":21,"column":13},"end":{"line":21,"column":20}},"loc":{"start":{"line":21,"column":20},"end":{"line":26,"column":null}}},"2":{"name":"(anonymous_2)","decl":{"start":{"line":27,"column":15},"end":{"line":27,"column":21}},"loc":{"start":{"line":27,"column":21},"end":{"line":27,"column":null}}},"3":{"name":"(anonymous_3)","decl":{"start":{"line":28,"column":13},"end":{"line":28,"column":19}},"loc":{"start":{"line":28,"column":19},"end":{"line":28,"column":null}}},"4":{"name":"(anonymous_4)","decl":{"start":{"line":32,"column":23},"end":{"line":32,"column":null}},"loc":{"start":{"line":32,"column":23},"end":{"line":39,"column":null}}},"5":{"name":"Link","decl":{"start":{"line":33,"column":18},"end":{"line":33,"column":23}},"loc":{"start":{"line":33,"column":33},"end":{"line":38,"column":null}}},"6":{"name":"(anonymous_6)","decl":{"start":{"line":42,"column":26},"end":{"line":42,"column":null}},"loc":{"start":{"line":42,"column":26},"end":{"line":48,"column":null}}},"7":{"name":"(anonymous_7)","decl":{"start":{"line":43,"column":9},"end":{"line":43,"column":null}},"loc":{"start":{"line":43,"column":9},"end":{"line":47,"column":null}}},"8":{"name":"DynamicComponent","decl":{"start":{"line":44,"column":20},"end":{"line":44,"column":37}},"loc":{"start":{"line":44,"column":47},"end":{"line":46,"column":null}}},"9":{"name":"(anonymous_19)","decl":{"start":{"line":13,"column":31},"end":{"line":13,"column":32}},"loc":{"start":{"line":13,"column":32},"end":{"line":15,"column":null}}},"10":{"name":"(anonymous_20)","decl":{"start":{"line":16,"column":29},"end":{"line":16,"column":30}},"loc":{"start":{"line":16,"column":30},"end":{"line":18,"column":null}}}},"branchMap":{"0":{"loc":{"start":{"line":36,"column":6},"end":{"line":36,"column":null}},"type":"cond-expr","locations":[{"start":{"line":36,"column":33},"end":{"line":36,"column":40}},{"start":{"line":36,"column":40},"end":{"line":36,"column":null}}]},"1":{"loc":{"start":{"line":36,"column":40},"end":{"line":36,"column":null}},"type":"binary-expr","locations":[{"start":{"line":36,"column":40},"end":{"line":36,"column":58}},{"start":{"line":36,"column":58},"end":{"line":36,"column":null}}]}},"s":{"0":4,"1":4,"2":76,"3":12,"4":0,"5":4,"6":1,"7":48,"8":48,"9":48,"10":4,"11":1,"12":1,"13":20,"14":0,"15":0,"16":0,"17":9,"18":0,"19":0,"20":0,"21":12,"22":4,"23":4,"24":4,"25":4,"26":4,"27":4,"28":4,"29":4,"30":12,"31":4,"32":0},"f":{"0":4,"1":76,"2":12,"3":0,"4":1,"5":48,"6":1,"7":1,"8":20,"9":12,"10":0},"b":{"0":[48,0],"1":[0,0]}}
,"C:\\WHEELS WEB\\wheels_web\\frontend\\app\\_tests_\\test-utils\\renderWithAuth.tsx": {"path":"C:\\WHEELS WEB\\wheels_web\\frontend\\app\\_tests_\\test-utils\\renderWithAuth.tsx","statementMap":{"0":{"start":{"line":9,"column":16},"end":{"line":9,"column":31}},"1":{"start":{"line":2,"column":18},"end":{"line":2,"column":null}},"2":{"start":{"line":3,"column":23},"end":{"line":3,"column":null}},"3":{"start":{"line":4,"column":20},"end":{"line":4,"column":null}},"4":{"start":{"line":5,"column":29},"end":{"line":5,"column":null}},"5":{"start":{"line":10,"column":16},"end":{"line":10,"column":null}},"6":{"start":{"line":12,"column":4},"end":{"line":14,"column":null}},"7":{"start":{"line":16,"column":2},"end":{"line":17,"column":null}},"8":{"start":{"line":16,"column":13},"end":{"line":16,"column":null}},"9":{"start":{"line":17,"column":7},"end":{"line":17,"column":null}},"10":{"start":{"line":19,"column":2},"end":{"line":20,"column":null}},"11":{"start":{"line":19,"column":12},"end":{"line":19,"column":null}},"12":{"start":{"line":20,"column":7},"end":{"line":20,"column":null}}},"fnMap":{"0":{"name":"renderWithAuth","decl":{"start":{"line":9,"column":16},"end":{"line":9,"column":31}},"loc":{"start":{"line":9,"column":72},"end":{"line":23,"column":null}}}},"branchMap":{"0":{"loc":{"start":{"line":10,"column":16},"end":{"line":10,"column":null}},"type":"cond-expr","locations":[{"start":{"line":10,"column":42},"end":{"line":10,"column":52}},{"start":{"line":10,"column":55},"end":{"line":10,"column":null}}]},"1":{"loc":{"start":{"line":10,"column":16},"end":{"line":10,"column":42}},"type":"binary-expr","locations":[{"start":{"line":10,"column":16},"end":{"line":10,"column":24}},{"start":{"line":10,"column":24},"end":{"line":10,"column":42}}]},"2":{"loc":{"start":{"line":12,"column":4},"end":{"line":14,"column":null}},"type":"cond-expr","locations":[{"start":{"line":13,"column":8},"end":{"line":13,"column":17}},{"start":{"line":14,"column":8},"end":{"line":14,"column":null}}]},"3":{"loc":{"start":{"line":12,"column":4},"end":{"line":12,"column":null}},"type":"binary-expr","locations":[{"start":{"line":12,"column":4},"end":{"line":12,"column":12}},{"start":{"line":12,"column":12},"end":{"line":12,"column":null}}]},"4":{"loc":{"start":{"line":16,"column":2},"end":{"line":17,"column":null}},"type":"if","locations":[{"start":{"line":16,"column":2},"end":{"line":17,"column":null}},{"start":{"line":17,"column":7},"end":{"line":17,"column":null}}]},"5":{"loc":{"start":{"line":19,"column":2},"end":{"line":20,"column":null}},"type":"if","locations":[{"start":{"line":19,"column":2},"end":{"line":20,"column":null}},{"start":{"line":20,"column":7},"end":{"line":20,"column":null}}]}},"s":{"0":64,"1":7,"2":7,"3":7,"4":7,"5":64,"6":64,"7":64,"8":64,"9":0,"10":64,"11":62,"12":2},"f":{"0":64},"b":{"0":[0,64],"1":[64,8],"2":[8,56],"3":[64,8],"4":[64,0],"5":[62,2]}}
,"C:\\WHEELS WEB\\wheels_web\\frontend\\app\\admin\\layout.tsx": {"path":"C:\\WHEELS WEB\\wheels_web\\frontend\\app\\admin\\layout.tsx","statementMap":{"0":{"start":{"line":10,"column":24},"end":{"line":10,"column":36}},"1":{"start":{"line":3,"column":24},"end":{"line":3,"column":null}},"2":{"start":{"line":4,"column":26},"end":{"line":4,"column":null}},"3":{"start":{"line":5,"column":36},"end":{"line":5,"column":null}},"4":{"start":{"line":6,"column":25},"end":{"line":6,"column":null}},"5":{"start":{"line":7,"column":24},"end":{"line":7,"column":null}},"6":{"start":{"line":8,"column":32},"end":{"line":8,"column":null}},"7":{"start":{"line":11,"column":30},"end":{"line":11,"column":null}},"8":{"start":{"line":12,"column":17},"end":{"line":12,"column":null}},"9":{"start":{"line":13,"column":32},"end":{"line":13,"column":null}},"10":{"start":{"line":15,"column":2},"end":{"line":35,"column":null}},"11":{"start":{"line":16,"column":4},"end":{"line":16,"column":null}},"12":{"start":{"line":16,"column":19},"end":{"line":16,"column":null}},"13":{"start":{"line":18,"column":4},"end":{"line":21,"column":null}},"14":{"start":{"line":19,"column":6},"end":{"line":19,"column":null}},"15":{"start":{"line":20,"column":6},"end":{"line":20,"column":null}},"16":{"start":{"line":23,"column":4},"end":{"line":26,"column":null}},"17":{"start":{"line":24,"column":6},"end":{"line":24,"column":null}},"18":{"start":{"line":25,"column":6},"end":{"line":25,"column":null}},"19":{"start":{"line":28,"column":4},"end":{"line":28,"column":null}},"20":{"start":{"line":30,"column":21},"end":{"line":32,"column":null}},"21":{"start":{"line":31,"column":6},"end":{"line":31,"column":null}},"22":{"start":{"line":31,"column":30},"end":{"line":31,"column":null}},"23":{"start":{"line":34,"column":4},"end":{"line":34,"column":null}},"24":{"start":{"line":34,"column":17},"end":{"line":34,"column":null}},"25":{"start":{"line":37,"column":2},"end":{"line":46,"column":null}}},"fnMap":{"0":{"name":"AdminLayout","decl":{"start":{"line":10,"column":24},"end":{"line":10,"column":36}},"loc":{"start":{"line":10,"column":79},"end":{"line":66,"column":null}}},"1":{"name":"(anonymous_3)","decl":{"start":{"line":15,"column":12},"end":{"line":15,"column":null}},"loc":{"start":{"line":15,"column":12},"end":{"line":35,"column":5}}},"2":{"name":"(anonymous_4)","decl":{"start":{"line":30,"column":33},"end":{"line":30,"column":null}},"loc":{"start":{"line":30,"column":33},"end":{"line":32,"column":7}}},"3":{"name":"(anonymous_5)","decl":{"start":{"line":34,"column":11},"end":{"line":34,"column":17}},"loc":{"start":{"line":34,"column":17},"end":{"line":34,"column":null}}}},"branchMap":{"0":{"loc":{"start":{"line":16,"column":4},"end":{"line":16,"column":null}},"type":"if","locations":[{"start":{"line":16,"column":4},"end":{"line":16,"column":null}},{"start":{},"end":{}}]},"1":{"loc":{"start":{"line":18,"column":4},"end":{"line":21,"column":null}},"type":"if","locations":[{"start":{"line":18,"column":4},"end":{"line":21,"column":null}},{"start":{},"end":{}}]},"2":{"loc":{"start":{"line":18,"column":8},"end":{"line":18,"column":40}},"type":"binary-expr","locations":[{"start":{"line":18,"column":8},"end":{"line":18,"column":17}},{"start":{"line":18,"column":17},"end":{"line":18,"column":40}}]},"3":{"loc":{"start":{"line":23,"column":4},"end":{"line":26,"column":null}},"type":"if","locations":[{"start":{"line":23,"column":4},"end":{"line":26,"column":null}},{"start":{},"end":{}}]},"4":{"loc":{"start":{"line":31,"column":6},"end":{"line":31,"column":null}},"type":"if","locations":[{"start":{"line":31,"column":6},"end":{"line":31,"column":null}},{"start":{},"end":{}}]},"5":{"loc":{"start":{"line":37,"column":2},"end":{"line":46,"column":null}},"type":"if","locations":[{"start":{"line":37,"column":2},"end":{"line":46,"column":null}},{"start":{},"end":{}}]},"6":{"loc":{"start":{"line":37,"column":6},"end":{"line":37,"column":29}},"type":"binary-expr","locations":[{"start":{"line":37,"column":6},"end":{"line":37,"column":19}},{"start":{"line":37,"column":19},"end":{"line":37,"column":29}}]}},"s":{"0":8,"1":1,"2":1,"3":1,"4":1,"5":1,"6":1,"7":22,"8":22,"9":22,"10":22,"11":19,"12":0,"13":19,"14":12,"15":12,"16":7,"17":1,"18":1,"19":6,"20":6,"21":1,"22":1,"23":6,"24":6,"25":22},"f":{"0":22,"1":19,"2":1,"3":6},"b":{"0":[0,19],"1":[12,7],"2":[19,9],"3":[1,6],"4":[1,0],"5":[16,6],"6":[22,22]}}
,"C:\\WHEELS WEB\\wheels_web\\frontend\\app\\admin\\components\\AdminSidebar.tsx": {"path":"C:\\WHEELS WEB\\wheels_web\\frontend\\app\\admin\\components\\AdminSidebar.tsx","statementMap":{"0":{"start":{"line":25,"column":24},"end":{"line":25,"column":null}},"1":{"start":{"line":3,"column":17},"end":{"line":3,"column":null}},"2":{"start":{"line":4,"column":39},"end":{"line":4,"column":null}},"3":{"start":{"line":12,"column":7},"end":{"line":12,"column":null}},"4":{"start":{"line":13,"column":35},"end":{"line":13,"column":null}},"5":{"start":{"line":15,"column":16},"end":{"line":18,"column":null}},"6":{"start":{"line":20,"column":22},"end":{"line":23,"column":null}},"7":{"start":{"line":26,"column":19},"end":{"line":26,"column":null}},"8":{"start":{"line":27,"column":17},"end":{"line":27,"column":null}},"9":{"start":{"line":36,"column":23},"end":{"line":36,"column":32}},"10":{"start":{"line":37,"column":25},"end":{"line":37,"column":null}},"11":{"start":{"line":39,"column":10},"end":{"line":41,"column":null}},"12":{"start":{"line":102,"column":12},"end":{"line":102,"column":null}},"13":{"start":{"line":103,"column":12},"end":{"line":103,"column":null}}},"fnMap":{"0":{"name":"AdminSidebar","decl":{"start":{"line":25,"column":24},"end":{"line":25,"column":null}},"loc":{"start":{"line":25,"column":24},"end":{"line":115,"column":null}}},"1":{"name":"(anonymous_4)","decl":{"start":{"line":35,"column":19},"end":{"line":35,"column":20}},"loc":{"start":{"line":35,"column":20},"end":{"line":64,"column":null}}},"2":{"name":"(anonymous_5)","decl":{"start":{"line":101,"column":19},"end":{"line":101,"column":null}},"loc":{"start":{"line":101,"column":19},"end":{"line":104,"column":null}}}},"branchMap":{"0":{"loc":{"start":{"line":37,"column":25},"end":{"line":37,"column":null}},"type":"binary-expr","locations":[{"start":{"line":37,"column":25},"end":{"line":37,"column":47}},{"start":{"line":37,"column":51},"end":{"line":37,"column":null}}]},"1":{"loc":{"start":{"line":45,"column":16},"end":{"line":47,"column":null}},"type":"cond-expr","locations":[{"start":{"line":46,"column":20},"end":{"line":46,"column":null}},{"start":{"line":47,"column":20},"end":{"line":47,"column":null}}]},"2":{"loc":{"start":{"line":53,"column":18},"end":{"line":55,"column":null}},"type":"cond-expr","locations":[{"start":{"line":54,"column":22},"end":{"line":54,"column":null}},{"start":{"line":55,"column":22},"end":{"line":55,"column":null}}]}},"s":{"0":12,"1":1,"2":1,"3":1,"4":1,"5":1,"6":1,"7":12,"8":12,"9":48,"10":48,"11":48,"12":1,"13":1},"f":{"0":12,"1":48,"2":1},"b":{"0":[48,37],"1":[17,31],"2":[17,31]}}
,"C:\\WHEELS WEB\\wheels_web\\frontend\\app\\admin\\components\\AdminTopbar.tsx": {"path":"C:\\WHEELS WEB\\wheels_web\\frontend\\app\\admin\\components\\AdminTopbar.tsx","statementMap":{"0":{"start":{"line":13,"column":24},"end":{"line":13,"column":null}},"1":{"start":{"line":3,"column":38},"end":{"line":3,"column":null}},"2":{"start":{"line":4,"column":17},"end":{"line":4,"column":null}},"3":{"start":{"line":5,"column":28},"end":{"line":5,"column":null}},"4":{"start":{"line":7,"column":68},"end":{"line":11,"column":null}},"5":{"start":{"line":14,"column":19},"end":{"line":14,"column":null}},"6":{"start":{"line":17,"column":4},"end":{"line":20,"column":null}}},"fnMap":{"0":{"name":"AdminTopbar","decl":{"start":{"line":13,"column":24},"end":{"line":13,"column":null}},"loc":{"start":{"line":13,"column":24},"end":{"line":52,"column":null}}}},"branchMap":{"0":{"loc":{"start":{"line":14,"column":19},"end":{"line":14,"column":null}},"type":"binary-expr","locations":[{"start":{"line":14,"column":19},"end":{"line":14,"column":36}},{"start":{"line":14,"column":36},"end":{"line":14,"column":null}}]},"1":{"loc":{"start":{"line":17,"column":4},"end":{"line":20,"column":null}},"type":"binary-expr","locations":[{"start":{"line":17,"column":4},"end":{"line":17,"column":20}},{"start":{"line":18,"column":5},"end":{"line":20,"column":null}}]},"2":{"loc":{"start":{"line":18,"column":5},"end":{"line":20,"column":null}},"type":"cond-expr","locations":[{"start":{"line":19,"column":8},"end":{"line":19,"column":null}},{"start":{"line":20,"column":8},"end":{"line":20,"column":null}}]}},"s":{"0":4,"1":1,"2":1,"3":1,"4":1,"5":4,"6":4},"f":{"0":4},"b":{"0":[4,0],"1":[4,2],"2":[1,1]}}
,"C:\\WHEELS WEB\\wheels_web\\frontend\\app\\admin\\components\\MapPicker.tsx": {"path":"C:\\WHEELS WEB\\wheels_web\\frontend\\app\\admin\\components\\MapPicker.tsx","statementMap":{"0":{"start":{"line":25,"column":24},"end":{"line":25,"column":34}},"1":{"start":{"line":3,"column":62},"end":{"line":3,"column":null}},"2":{"start":{"line":4,"column":14},"end":{"line":4,"column":null}},"3":{"start":{"line":5,"column":24},"end":{"line":5,"column":null}},"4":{"start":{"line":8,"column":19},"end":{"line":14,"column":null}},"5":{"start":{"line":17,"column":2},"end":{"line":21,"column":null}},"6":{"start":{"line":19,"column":6},"end":{"line":19,"column":null}},"7":{"start":{"line":22,"column":2},"end":{"line":22,"column":null}},"8":{"start":{"line":34,"column":17},"end":{"line":34,"column":null}},"9":{"start":{"line":34,"column":32},"end":{"line":34,"column":47}},"10":{"start":{"line":53,"column":22},"end":{"line":53,"column":30}},"11":{"start":{"line":54,"column":22},"end":{"line":54,"column":null}},"12":{"start":{"line":55,"column":12},"end":{"line":55,"column":null}}},"fnMap":{"0":{"name":"ClickHandler","decl":{"start":{"line":16,"column":9},"end":{"line":16,"column":22}},"loc":{"start":{"line":16,"column":80},"end":{"line":23,"column":null}}},"1":{"name":"(anonymous_3)","decl":{"start":{"line":18,"column":4},"end":{"line":18,"column":10}},"loc":{"start":{"line":18,"column":11},"end":{"line":20,"column":null}}},"2":{"name":"MapPicker","decl":{"start":{"line":25,"column":24},"end":{"line":25,"column":34}},"loc":{"start":{"line":33,"column":1},"end":{"line":61,"column":null}}},"3":{"name":"(anonymous_5)","decl":{"start":{"line":34,"column":25},"end":{"line":34,"column":32}},"loc":{"start":{"line":34,"column":32},"end":{"line":34,"column":47}}},"4":{"name":"(anonymous_6)","decl":{"start":{"line":52,"column":19},"end":{"line":52,"column":20}},"loc":{"start":{"line":52,"column":20},"end":{"line":56,"column":null}}}},"branchMap":{},"s":{"0":6,"1":1,"2":1,"3":1,"4":1,"5":6,"6":0,"7":6,"8":6,"9":6,"10":0,"11":0,"12":0},"f":{"0":6,"1":0,"2":6,"3":6,"4":0},"b":{}}
,"C:\\WHEELS WEB\\wheels_web\\frontend\\app\\admin\\components\\StatCard.tsx": {"path":"C:\\WHEELS WEB\\wheels_web\\frontend\\app\\admin\\components\\StatCard.tsx","statementMap":{"0":{"start":{"line":3,"column":24},"end":{"line":3,"column":33}}},"fnMap":{"0":{"name":"StatCard","decl":{"start":{"line":3,"column":24},"end":{"line":3,"column":33}},"loc":{"start":{"line":11,"column":1},"end":{"line":23,"column":null}}}},"branchMap":{},"s":{"0":6},"f":{"0":6},"b":{}}
,"C:\\WHEELS WEB\\wheels_web\\frontend\\app\\admin\\dashboard\\orders\\page.tsx": {"path":"C:\\WHEELS WEB\\wheels_web\\frontend\\app\\admin\\dashboard\\orders\\page.tsx","statementMap":{"0":{"start":{"line":11,"column":24},"end":{"line":11,"column":null}},"1":{"start":{"line":3,"column":36},"end":{"line":3,"column":null}},"2":{"start":{"line":4,"column":26},"end":{"line":4,"column":null}},"3":{"start":{"line":5,"column":24},"end":{"line":5,"column":null}},"4":{"start":{"line":6,"column":32},"end":{"line":6,"column":null}},"5":{"start":{"line":7,"column":35},"end":{"line":7,"column":null}},"6":{"start":{"line":9,"column":31},"end":{"line":9,"column":null}},"7":{"start":{"line":12,"column":17},"end":{"line":12,"column":null}},"8":{"start":{"line":13,"column":20},"end":{"line":13,"column":null}},"9":{"start":{"line":15,"column":28},"end":{"line":15,"column":null}},"10":{"start":{"line":16,"column":32},"end":{"line":16,"column":null}},"11":{"start":{"line":17,"column":24},"end":{"line":17,"column":null}},"12":{"start":{"line":19,"column":2},"end":{"line":21,"column":null}},"13":{"start":{"line":20,"column":4},"end":{"line":20,"column":null}},"14":{"start":{"line":20,"column":28},"end":{"line":20,"column":null}},"15":{"start":{"line":24,"column":4},"end":{"line":24,"column":null}},"16":{"start":{"line":24,"column":16},"end":{"line":24,"column":null}},"17":{"start":{"line":25,"column":4},"end":{"line":34,"column":null}},"18":{"start":{"line":26,"column":6},"end":{"line":26,"column":null}},"19":{"start":{"line":27,"column":6},"end":{"line":27,"column":null}},"20":{"start":{"line":28,"column":18},"end":{"line":28,"column":null}},"21":{"start":{"line":29,"column":6},"end":{"line":29,"column":null}},"22":{"start":{"line":31,"column":6},"end":{"line":31,"column":null}},"23":{"start":{"line":33,"column":6},"end":{"line":33,"column":null}},"24":{"start":{"line":37,"column":2},"end":{"line":40,"column":null}},"25":{"start":{"line":38,"column":4},"end":{"line":38,"column":null}},"26":{"start":{"line":43,"column":4},"end":{"line":43,"column":null}},"27":{"start":{"line":43,"column":16},"end":{"line":43,"column":null}},"28":{"start":{"line":44,"column":4},"end":{"line":50,"column":null}},"29":{"start":{"line":45,"column":6},"end":{"line":45,"column":null}},"30":{"start":{"line":46,"column":6},"end":{"line":46,"column":null}},"31":{"start":{"line":47,"column":6},"end":{"line":47,"column":null}},"32":{"start":{"line":49,"column":6},"end":{"line":49,"column":null}},"33":{"start":{"line":72,"column":14},"end":{"line":72,"column":31}},"34":{"start":{"line":87,"column":37},"end":{"line":87,"column":null}},"35":{"start":{"line":90,"column":22},"end":{"line":90,"column":38}}},"fnMap":{"0":{"name":"AdminOrdersPage","decl":{"start":{"line":11,"column":24},"end":{"line":11,"column":null}},"loc":{"start":{"line":11,"column":24},"end":{"line":103,"column":null}}},"1":{"name":"(anonymous_2)","decl":{"start":{"line":19,"column":12},"end":{"line":19,"column":null}},"loc":{"start":{"line":19,"column":12},"end":{"line":21,"column":5}}},"2":{"name":"load","decl":{"start":{"line":23,"column":17},"end":{"line":23,"column":null}},"loc":{"start":{"line":23,"column":17},"end":{"line":35,"column":null}}},"3":{"name":"(anonymous_4)","decl":{"start":{"line":37,"column":12},"end":{"line":37,"column":null}},"loc":{"start":{"line":37,"column":12},"end":{"line":40,"column":5}}},"4":{"name":"changeStatus","decl":{"start":{"line":42,"column":17},"end":{"line":42,"column":30}},"loc":{"start":{"line":42,"column":61},"end":{"line":51,"column":null}}},"5":{"name":"(anonymous_6)","decl":{"start":{"line":71,"column":23},"end":{"line":71,"column":24}},"loc":{"start":{"line":72,"column":14},"end":{"line":72,"column":31}}},"6":{"name":"(anonymous_7)","decl":{"start":{"line":87,"column":30},"end":{"line":87,"column":31}},"loc":{"start":{"line":87,"column":37},"end":{"line":87,"column":null}}},"7":{"name":"(anonymous_8)","decl":{"start":{"line":89,"column":40},"end":{"line":89,"column":41}},"loc":{"start":{"line":90,"column":22},"end":{"line":90,"column":38}}}},"branchMap":{"0":{"loc":{"start":{"line":20,"column":4},"end":{"line":20,"column":null}},"type":"if","locations":[{"start":{"line":20,"column":4},"end":{"line":20,"column":null}},{"start":{},"end":{}}]},"1":{"loc":{"start":{"line":24,"column":4},"end":{"line":24,"column":null}},"type":"if","locations":[{"start":{"line":24,"column":4},"end":{"line":24,"column":null}},{"start":{},"end":{}}]},"2":{"loc":{"start":{"line":31,"column":13},"end":{"line":31,"column":null}},"type":"binary-expr","locations":[{"start":{"line":31,"column":13},"end":{"line":31,"column":22}},{"start":{"line":31,"column":26},"end":{"line":31,"column":null}}]},"3":{"loc":{"start":{"line":43,"column":4},"end":{"line":43,"column":null}},"type":"if","locations":[{"start":{"line":43,"column":4},"end":{"line":43,"column":null}},{"start":{},"end":{}}]},"4":{"loc":{"start":{"line":49,"column":13},"end":{"line":49,"column":null}},"type":"binary-expr","locations":[{"start":{"line":49,"column":13},"end":{"line":49,"column":22}},{"start":{"line":49,"column":26},"end":{"line":49,"column":null}}]},"5":{"loc":{"start":{"line":60,"column":7},"end":{"line":60,"column":null}},"type":"binary-expr","locations":[{"start":{"line":60,"column":7},"end":{"line":60,"column":null}}]},"6":{"loc":{"start":{"line":66,"column":10},"end":{"line":67,"column":18}},"type":"cond-expr","locations":[{"start":{"line":66,"column":10},"end":{"line":67,"column":18}}]},"7":{"loc":{"start":{"line":68,"column":10},"end":{"line":70,"column":11}},"type":"cond-expr","locations":[{"start":{"line":68,"column":10},"end":{"line":70,"column":11}}]}},"s":{"0":6,"1":1,"2":1,"3":1,"4":1,"5":1,"6":1,"7":21,"8":21,"9":21,"10":21,"11":21,"12":21,"13":19,"14":2,"15":13,"16":6,"17":7,"18":7,"19":7,"20":7,"21":6,"22":2,"23":7,"24":21,"25":12,"26":2,"27":0,"28":2,"29":2,"30":2,"31":1,"32":1,"33":7,"34":2,"35":42},"f":{"0":21,"1":19,"2":13,"3":12,"4":2,"5":7,"6":2,"7":42},"b":{"0":[2,17],"1":[6,7],"2":[2,0],"3":[0,2],"4":[1,0],"5":[21],"6":[12],"7":[2]}}
,"C:\\WHEELS WEB\\wheels_web\\frontend\\app\\admin\\dashboard\\providers\\page.tsx": {"path":"C:\\WHEELS WEB\\wheels_web\\frontend\\app\\admin\\dashboard\\providers\\page.tsx","statementMap":{"0":{"start":{"line":17,"column":24},"end":{"line":17,"column":null}},"1":{"start":{"line":3,"column":45},"end":{"line":3,"column":null}},"2":{"start":{"line":4,"column":26},"end":{"line":4,"column":null}},"3":{"start":{"line":5,"column":20},"end":{"line":5,"column":null}},"4":{"start":{"line":6,"column":24},"end":{"line":6,"column":null}},"5":{"start":{"line":7,"column":32},"end":{"line":7,"column":null}},"6":{"start":{"line":8,"column":38},"end":{"line":8,"column":null}},"7":{"start":{"line":11,"column":19},"end":{"line":11,"column":null}},"8":{"start":{"line":12,"column":23},"end":{"line":12,"column":53}},"9":{"start":{"line":15,"column":32},"end":{"line":15,"column":78}},"10":{"start":{"line":18,"column":17},"end":{"line":18,"column":null}},"11":{"start":{"line":19,"column":20},"end":{"line":19,"column":null}},"12":{"start":{"line":21,"column":28},"end":{"line":21,"column":null}},"13":{"start":{"line":22,"column":32},"end":{"line":22,"column":null}},"14":{"start":{"line":23,"column":24},"end":{"line":23,"column":null}},"15":{"start":{"line":25,"column":32},"end":{"line":25,"column":null}},"16":{"start":{"line":26,"column":26},"end":{"line":26,"column":null}},"17":{"start":{"line":27,"column":42},"end":{"line":27,"column":null}},"18":{"start":{"line":28,"column":34},"end":{"line":28,"column":null}},"19":{"start":{"line":29,"column":30},"end":{"line":29,"column":null}},"20":{"start":{"line":30,"column":38},"end":{"line":30,"column":null}},"21":{"start":{"line":31,"column":34},"end":{"line":31,"column":null}},"22":{"start":{"line":34,"column":24},"end":{"line":34,"column":null}},"23":{"start":{"line":35,"column":24},"end":{"line":35,"column":null}},"24":{"start":{"line":37,"column":30},"end":{"line":37,"column":null}},"25":{"start":{"line":39,"column":2},"end":{"line":41,"column":null}},"26":{"start":{"line":40,"column":4},"end":{"line":40,"column":null}},"27":{"start":{"line":40,"column":28},"end":{"line":40,"column":null}},"28":{"start":{"line":44,"column":4},"end":{"line":44,"column":null}},"29":{"start":{"line":44,"column":16},"end":{"line":44,"column":null}},"30":{"start":{"line":45,"column":4},"end":{"line":54,"column":null}},"31":{"start":{"line":46,"column":6},"end":{"line":46,"column":null}},"32":{"start":{"line":47,"column":6},"end":{"line":47,"column":null}},"33":{"start":{"line":48,"column":18},"end":{"line":48,"column":null}},"34":{"start":{"line":49,"column":6},"end":{"line":49,"column":null}},"35":{"start":{"line":51,"column":6},"end":{"line":51,"column":null}},"36":{"start":{"line":53,"column":6},"end":{"line":53,"column":null}},"37":{"start":{"line":57,"column":2},"end":{"line":60,"column":null}},"38":{"start":{"line":58,"column":4},"end":{"line":58,"column":null}},"39":{"start":{"line":63,"column":4},"end":{"line":63,"column":null}},"40":{"start":{"line":64,"column":4},"end":{"line":64,"column":null}},"41":{"start":{"line":65,"column":4},"end":{"line":65,"column":null}},"42":{"start":{"line":66,"column":4},"end":{"line":66,"column":null}},"43":{"start":{"line":67,"column":4},"end":{"line":67,"column":null}},"44":{"start":{"line":68,"column":4},"end":{"line":68,"column":null}},"45":{"start":{"line":69,"column":4},"end":{"line":69,"column":null}},"46":{"start":{"line":70,"column":4},"end":{"line":70,"column":null}},"47":{"start":{"line":71,"column":4},"end":{"line":71,"column":null}},"48":{"start":{"line":75,"column":4},"end":{"line":75,"column":null}},"49":{"start":{"line":75,"column":29},"end":{"line":75,"column":null}},"50":{"start":{"line":75,"column":67},"end":{"line":75,"column":78}},"51":{"start":{"line":79,"column":4},"end":{"line":79,"column":null}},"52":{"start":{"line":79,"column":16},"end":{"line":79,"column":null}},"53":{"start":{"line":80,"column":4},"end":{"line":105,"column":null}},"54":{"start":{"line":81,"column":6},"end":{"line":81,"column":null}},"55":{"start":{"line":82,"column":6},"end":{"line":82,"column":null}},"56":{"start":{"line":84,"column":22},"end":{"line":94,"column":null}},"57":{"start":{"line":96,"column":6},"end":{"line":97,"column":null}},"58":{"start":{"line":96,"column":19},"end":{"line":96,"column":null}},"59":{"start":{"line":97,"column":11},"end":{"line":97,"column":null}},"60":{"start":{"line":99,"column":6},"end":{"line":99,"column":null}},"61":{"start":{"line":100,"column":6},"end":{"line":100,"column":null}},"62":{"start":{"line":102,"column":6},"end":{"line":102,"column":null}},"63":{"start":{"line":104,"column":6},"end":{"line":104,"column":null}},"64":{"start":{"line":109,"column":4},"end":{"line":109,"column":null}},"65":{"start":{"line":109,"column":16},"end":{"line":109,"column":null}},"66":{"start":{"line":110,"column":4},"end":{"line":116,"column":null}},"67":{"start":{"line":111,"column":6},"end":{"line":111,"column":null}},"68":{"start":{"line":112,"column":6},"end":{"line":112,"column":null}},"69":{"start":{"line":113,"column":6},"end":{"line":113,"column":null}},"70":{"start":{"line":115,"column":6},"end":{"line":115,"column":null}},"71":{"start":{"line":120,"column":4},"end":{"line":120,"column":null}},"72":{"start":{"line":121,"column":4},"end":{"line":121,"column":null}},"73":{"start":{"line":122,"column":4},"end":{"line":122,"column":null}},"74":{"start":{"line":123,"column":4},"end":{"line":123,"column":null}},"75":{"start":{"line":124,"column":4},"end":{"line":124,"column":null}},"76":{"start":{"line":125,"column":4},"end":{"line":125,"column":null}},"77":{"start":{"line":126,"column":4},"end":{"line":126,"column":null}},"78":{"start":{"line":127,"column":4},"end":{"line":127,"column":null}},"79":{"start":{"line":128,"column":4},"end":{"line":128,"column":null}},"80":{"start":{"line":131,"column":20},"end":{"line":131,"column":null}},"81":{"start":{"line":131,"column":35},"end":{"line":131,"column":50}},"82":{"start":{"line":154,"column":29},"end":{"line":154,"column":null}},"83":{"start":{"line":161,"column":29},"end":{"line":161,"column":null}},"84":{"start":{"line":170,"column":31},"end":{"line":170,"column":null}},"85":{"start":{"line":180,"column":31},"end":{"line":180,"column":null}},"86":{"start":{"line":189,"column":14},"end":{"line":189,"column":29}},"87":{"start":{"line":190,"column":88},"end":{"line":190,"column":null}},"88":{"start":{"line":211,"column":16},"end":{"line":211,"column":null}},"89":{"start":{"line":212,"column":16},"end":{"line":212,"column":null}},"90":{"start":{"line":223,"column":69},"end":{"line":223,"column":102}},"91":{"start":{"line":258,"column":14},"end":{"line":258,"column":31}},"92":{"start":{"line":275,"column":35},"end":{"line":275,"column":null}},"93":{"start":{"line":281,"column":35},"end":{"line":281,"column":null}}},"fnMap":{"0":{"name":"(anonymous_5)","decl":{"start":{"line":15,"column":26},"end":{"line":15,"column":32}},"loc":{"start":{"line":15,"column":32},"end":{"line":15,"column":78}}},"1":{"name":"(anonymous_6)","decl":{"start":{"line":15,"column":32},"end":{"line":15,"column":39}},"loc":{"start":{"line":15,"column":32},"end":{"line":15,"column":78}}},"2":{"name":"AdminProvidersPage","decl":{"start":{"line":17,"column":24},"end":{"line":17,"column":null}},"loc":{"start":{"line":17,"column":24},"end":{"line":294,"column":null}}},"3":{"name":"(anonymous_9)","decl":{"start":{"line":39,"column":12},"end":{"line":39,"column":null}},"loc":{"start":{"line":39,"column":12},"end":{"line":41,"column":5}}},"4":{"name":"load","decl":{"start":{"line":43,"column":17},"end":{"line":43,"column":null}},"loc":{"start":{"line":43,"column":17},"end":{"line":55,"column":null}}},"5":{"name":"(anonymous_11)","decl":{"start":{"line":57,"column":12},"end":{"line":57,"column":null}},"loc":{"start":{"line":57,"column":12},"end":{"line":60,"column":5}}},"6":{"name":"reset","decl":{"start":{"line":62,"column":11},"end":{"line":62,"column":null}},"loc":{"start":{"line":62,"column":11},"end":{"line":72,"column":null}}},"7":{"name":"toggleCat","decl":{"start":{"line":74,"column":11},"end":{"line":74,"column":21}},"loc":{"start":{"line":74,"column":30},"end":{"line":76,"column":null}}},"8":{"name":"(anonymous_14)","decl":{"start":{"line":75,"column":18},"end":{"line":75,"column":19}},"loc":{"start":{"line":75,"column":29},"end":{"line":75,"column":null}}},"9":{"name":"(anonymous_15)","decl":{"start":{"line":75,"column":60},"end":{"line":75,"column":61}},"loc":{"start":{"line":75,"column":67},"end":{"line":75,"column":78}}},"10":{"name":"save","decl":{"start":{"line":78,"column":17},"end":{"line":78,"column":null}},"loc":{"start":{"line":78,"column":17},"end":{"line":106,"column":null}}},"11":{"name":"remove","decl":{"start":{"line":108,"column":17},"end":{"line":108,"column":24}},"loc":{"start":{"line":108,"column":34},"end":{"line":117,"column":null}}},"12":{"name":"edit","decl":{"start":{"line":119,"column":11},"end":{"line":119,"column":16}},"loc":{"start":{"line":119,"column":32},"end":{"line":129,"column":null}}},"13":{"name":"(anonymous_19)","decl":{"start":{"line":131,"column":28},"end":{"line":131,"column":35}},"loc":{"start":{"line":131,"column":35},"end":{"line":131,"column":50}}},"14":{"name":"(anonymous_20)","decl":{"start":{"line":154,"column":22},"end":{"line":154,"column":23}},"loc":{"start":{"line":154,"column":29},"end":{"line":154,"column":null}}},"15":{"name":"(anonymous_21)","decl":{"start":{"line":161,"column":22},"end":{"line":161,"column":23}},"loc":{"start":{"line":161,"column":29},"end":{"line":161,"column":null}}},"16":{"name":"(anonymous_22)","decl":{"start":{"line":170,"column":24},"end":{"line":170,"column":25}},"loc":{"start":{"line":170,"column":31},"end":{"line":170,"column":null}}},"17":{"name":"(anonymous_23)","decl":{"start":{"line":180,"column":24},"end":{"line":180,"column":25}},"loc":{"start":{"line":180,"column":31},"end":{"line":180,"column":null}}},"18":{"name":"(anonymous_24)","decl":{"start":{"line":188,"column":28},"end":{"line":188,"column":29}},"loc":{"start":{"line":189,"column":14},"end":{"line":189,"column":29}}},"19":{"name":"(anonymous_25)","decl":{"start":{"line":190,"column":82},"end":{"line":190,"column":88}},"loc":{"start":{"line":190,"column":88},"end":{"line":190,"column":null}}},"20":{"name":"(anonymous_26)","decl":{"start":{"line":210,"column":24},"end":{"line":210,"column":25}},"loc":{"start":{"line":210,"column":29},"end":{"line":213,"column":null}}},"21":{"name":"(anonymous_27)","decl":{"start":{"line":223,"column":62},"end":{"line":223,"column":63}},"loc":{"start":{"line":223,"column":69},"end":{"line":223,"column":102}}},"22":{"name":"(anonymous_28)","decl":{"start":{"line":257,"column":23},"end":{"line":257,"column":24}},"loc":{"start":{"line":258,"column":14},"end":{"line":258,"column":31}}},"23":{"name":"(anonymous_29)","decl":{"start":{"line":275,"column":29},"end":{"line":275,"column":35}},"loc":{"start":{"line":275,"column":35},"end":{"line":275,"column":null}}},"24":{"name":"(anonymous_30)","decl":{"start":{"line":281,"column":29},"end":{"line":281,"column":35}},"loc":{"start":{"line":281,"column":35},"end":{"line":281,"column":null}}}},"branchMap":{"0":{"loc":{"start":{"line":40,"column":4},"end":{"line":40,"column":null}},"type":"if","locations":[{"start":{"line":40,"column":4},"end":{"line":40,"column":null}},{"start":{},"end":{}}]},"1":{"loc":{"start":{"line":44,"column":4},"end":{"line":44,"column":null}},"type":"if","locations":[{"start":{"line":44,"column":4},"end":{"line":44,"column":null}},{"start":{},"end":{}}]},"2":{"loc":{"start":{"line":51,"column":13},"end":{"line":51,"column":null}},"type":"binary-expr","locations":[{"start":{"line":51,"column":13},"end":{"line":51,"column":22}},{"start":{"line":51,"column":26},"end":{"line":51,"column":null}}]},"3":{"loc":{"start":{"line":75,"column":29},"end":{"line":75,"column":null}},"type":"cond-expr","locations":[{"start":{"line":75,"column":48},"end":{"line":75,"column":78}},{"start":{"line":75,"column":78},"end":{"line":75,"column":null}}]},"4":{"loc":{"start":{"line":79,"column":4},"end":{"line":79,"column":null}},"type":"if","locations":[{"start":{"line":79,"column":4},"end":{"line":79,"column":null}},{"start":{},"end":{}}]},"5":{"loc":{"start":{"line":86,"column":22},"end":{"line":86,"column":null}},"type":"cond-expr","locations":[{"start":{"line":86,"column":37},"end":{"line":86,"column":52}},{"start":{"line":86,"column":52},"end":{"line":86,"column":null}}]},"6":{"loc":{"start":{"line":96,"column":6},"end":{"line":97,"column":null}},"type":"if","locations":[{"start":{"line":96,"column":6},"end":{"line":97,"column":null}},{"start":{"line":97,"column":11},"end":{"line":97,"column":null}}]},"7":{"loc":{"start":{"line":102,"column":13},"end":{"line":102,"column":null}},"type":"binary-expr","locations":[{"start":{"line":102,"column":13},"end":{"line":102,"column":22}},{"start":{"line":102,"column":26},"end":{"line":102,"column":null}}]},"8":{"loc":{"start":{"line":109,"column":4},"end":{"line":109,"column":null}},"type":"if","locations":[{"start":{"line":109,"column":4},"end":{"line":109,"column":null}},{"start":{},"end":{}}]},"9":{"loc":{"start":{"line":115,"column":13},"end":{"line":115,"column":null}},"type":"binary-expr","locations":[{"start":{"line":115,"column":13},"end":{"line":115,"column":22}},{"start":{"line":115,"column":26},"end":{"line":115,"column":null}}]},"10":{"loc":{"start":{"line":121,"column":12},"end":{"line":121,"column":null}},"type":"binary-expr","locations":[{"start":{"line":121,"column":12},"end":{"line":121,"column":18}},{"start":{"line":121,"column":22},"end":{"line":121,"column":null}}]},"11":{"loc":{"start":{"line":122,"column":20},"end":{"line":122,"column":null}},"type":"binary-expr","locations":[{"start":{"line":122,"column":20},"end":{"line":122,"column":34}},{"start":{"line":122,"column":38},"end":{"line":122,"column":null}}]},"12":{"loc":{"start":{"line":123,"column":16},"end":{"line":123,"column":null}},"type":"binary-expr","locations":[{"start":{"line":123,"column":16},"end":{"line":123,"column":26}},{"start":{"line":123,"column":30},"end":{"line":123,"column":null}}]},"13":{"loc":{"start":{"line":124,"column":14},"end":{"line":124,"column":null}},"type":"binary-expr","locations":[{"start":{"line":124,"column":14},"end":{"line":124,"column":22}},{"start":{"line":124,"column":26},"end":{"line":124,"column":null}}]},"14":{"loc":{"start":{"line":125,"column":18},"end":{"line":125,"column":65}},"type":"cond-expr","locations":[{"start":{"line":125,"column":48},"end":{"line":125,"column":60}},{"start":{"line":125,"column":63},"end":{"line":125,"column":65}}]},"15":{"loc":{"start":{"line":140,"column":7},"end":{"line":140,"column":null}},"type":"binary-expr","locations":[{"start":{"line":140,"column":7},"end":{"line":140,"column":null}}]},"16":{"loc":{"start":{"line":147,"column":63},"end":{"line":147,"column":null}},"type":"cond-expr","locations":[{"start":{"line":147,"column":73},"end":{"line":147,"column":91}},{"start":{"line":147,"column":91},"end":{"line":147,"column":null}}]},"17":{"loc":{"start":{"line":230,"column":22},"end":{"line":230,"column":null}},"type":"binary-expr","locations":[{"start":{"line":230,"column":22},"end":{"line":230,"column":32}},{"start":{"line":230,"column":32},"end":{"line":230,"column":null}}]},"18":{"loc":{"start":{"line":233,"column":13},"end":{"line":233,"column":null}},"type":"cond-expr","locations":[{"start":{"line":233,"column":22},"end":{"line":233,"column":36}},{"start":{"line":233,"column":36},"end":{"line":233,"column":null}}]},"19":{"loc":{"start":{"line":233,"column":36},"end":{"line":233,"column":null}},"type":"cond-expr","locations":[{"start":{"line":233,"column":46},"end":{"line":233,"column":57}},{"start":{"line":233,"column":57},"end":{"line":233,"column":null}}]},"20":{"loc":{"start":{"line":236,"column":11},"end":{"line":243,"column":null}},"type":"cond-expr","locations":[{"start":{"line":237,"column":12},"end":{"line":243,"column":null}},{"start":{"line":243,"column":14},"end":{"line":243,"column":null}}]},"21":{"loc":{"start":{"line":252,"column":10},"end":{"line":253,"column":18}},"type":"cond-expr","locations":[{"start":{"line":252,"column":10},"end":{"line":253,"column":18}}]},"22":{"loc":{"start":{"line":254,"column":10},"end":{"line":256,"column":11}},"type":"cond-expr","locations":[{"start":{"line":254,"column":10},"end":{"line":256,"column":11}}]},"23":{"loc":{"start":{"line":262,"column":21},"end":{"line":262,"column":43}},"type":"binary-expr","locations":[{"start":{"line":262,"column":21},"end":{"line":262,"column":35}},{"start":{"line":262,"column":39},"end":{"line":262,"column":43}}]},"24":{"loc":{"start":{"line":262,"column":73},"end":{"line":262,"column":null}},"type":"cond-expr","locations":[{"start":{"line":262,"column":86},"end":{"line":262,"column":97}},{"start":{"line":262,"column":97},"end":{"line":262,"column":null}}]},"25":{"loc":{"start":{"line":266,"column":21},"end":{"line":266,"column":null}},"type":"cond-expr","locations":[{"start":{"line":266,"column":74},"end":{"line":266,"column":100}},{"start":{"line":266,"column":100},"end":{"line":266,"column":null}}]},"26":{"loc":{"start":{"line":266,"column":21},"end":{"line":266,"column":71}},"type":"binary-expr","locations":[{"start":{"line":266,"column":21},"end":{"line":266,"column":52}},{"start":{"line":266,"column":52},"end":{"line":266,"column":71}}]}},"s":{"0":6,"1":1,"2":1,"3":1,"4":1,"5":1,"6":1,"7":1,"8":1,"9":0,"10":21,"11":21,"12":21,"13":21,"14":21,"15":21,"16":21,"17":21,"18":21,"19":21,"20":21,"21":21,"22":21,"23":21,"24":21,"25":21,"26":20,"27":2,"28":14,"29":6,"30":8,"31":8,"32":8,"33":8,"34":8,"35":1,"36":8,"37":21,"38":12,"39":1,"40":1,"41":1,"42":1,"43":1,"44":1,"45":1,"46":1,"47":1,"48":0,"49":0,"50":0,"51":1,"52":0,"53":1,"54":1,"55":1,"56":1,"57":1,"58":0,"59":1,"60":1,"61":1,"62":0,"63":1,"64":1,"65":0,"66":1,"67":1,"68":1,"69":1,"70":0,"71":0,"72":0,"73":0,"74":0,"75":0,"76":0,"77":0,"78":0,"79":0,"80":21,"81":6,"82":1,"83":0,"84":0,"85":0,"86":63,"87":0,"88":0,"89":0,"90":0,"91":4,"92":0,"93":1},"f":{"0":0,"1":0,"2":21,"3":20,"4":14,"5":12,"6":1,"7":0,"8":0,"9":0,"10":1,"11":1,"12":0,"13":6,"14":1,"15":0,"16":0,"17":0,"18":63,"19":0,"20":0,"21":0,"22":4,"23":0,"24":1},"b":{"0":[2,18],"1":[6,8],"2":[1,0],"3":[0,0],"4":[0,1],"5":[0,1],"6":[0,1],"7":[0,0],"8":[0,1],"9":[0,0],"10":[0,0],"11":[0,0],"12":[0,0],"13":[0,0],"14":[0,0],"15":[21],"16":[0,21],"17":[21,20],"18":[1,20],"19":[0,20],"20":[0,21],"21":[12],"22":[5],"23":[4,4],"24":[4,0],"25":[0,4],"26":[4,4]}}
,"C:\\WHEELS WEB\\wheels_web\\frontend\\app\\admin\\settings\\page.tsx": {"path":"C:\\WHEELS WEB\\wheels_web\\frontend\\app\\admin\\settings\\page.tsx","statementMap":{"0":{"start":{"line":27,"column":24},"end":{"line":27,"column":null}},"1":{"start":{"line":3,"column":40},"end":{"line":3,"column":null}},"2":{"start":{"line":4,"column":24},"end":{"line":4,"column":null}},"3":{"start":{"line":5,"column":18},"end":{"line":5,"column":null}},"4":{"start":{"line":6,"column":28},"end":{"line":6,"column":null}},"5":{"start":{"line":7,"column":24},"end":{"line":7,"column":null}},"6":{"start":{"line":8,"column":24},"end":{"line":8,"column":null}},"7":{"start":{"line":10,"column":29},"end":{"line":23,"column":null}},"8":{"start":{"line":16,"column":17},"end":{"line":16,"column":55}},"9":{"start":{"line":20,"column":17},"end":{"line":20,"column":52}},"10":{"start":{"line":28,"column":20},"end":{"line":28,"column":null}},"11":{"start":{"line":29,"column":37},"end":{"line":29,"column":null}},"12":{"start":{"line":30,"column":34},"end":{"line":30,"column":null}},"13":{"start":{"line":31,"column":32},"end":{"line":31,"column":null}},"14":{"start":{"line":33,"column":15},"end":{"line":41,"column":null}},"15":{"start":{"line":43,"column":17},"end":{"line":61,"column":null}},"16":{"start":{"line":44,"column":4},"end":{"line":44,"column":null}},"17":{"start":{"line":45,"column":4},"end":{"line":45,"column":null}},"18":{"start":{"line":47,"column":4},"end":{"line":50,"column":null}},"19":{"start":{"line":48,"column":6},"end":{"line":48,"column":null}},"20":{"start":{"line":49,"column":6},"end":{"line":49,"column":null}},"21":{"start":{"line":52,"column":4},"end":{"line":60,"column":null}},"22":{"start":{"line":53,"column":6},"end":{"line":59,"column":null}},"23":{"start":{"line":54,"column":8},"end":{"line":54,"column":null}},"24":{"start":{"line":55,"column":8},"end":{"line":55,"column":null}},"25":{"start":{"line":56,"column":8},"end":{"line":56,"column":null}},"26":{"start":{"line":58,"column":8},"end":{"line":58,"column":null}},"27":{"start":{"line":162,"column":16},"end":{"line":162,"column":null}},"28":{"start":{"line":163,"column":16},"end":{"line":163,"column":null}},"29":{"start":{"line":164,"column":16},"end":{"line":164,"column":null}}},"fnMap":{"0":{"name":"(anonymous_1)","decl":{"start":{"line":16,"column":10},"end":{"line":16,"column":11}},"loc":{"start":{"line":16,"column":17},"end":{"line":16,"column":55}}},"1":{"name":"(anonymous_2)","decl":{"start":{"line":20,"column":10},"end":{"line":20,"column":11}},"loc":{"start":{"line":20,"column":17},"end":{"line":20,"column":52}}},"2":{"name":"SettingsPage","decl":{"start":{"line":27,"column":24},"end":{"line":27,"column":null}},"loc":{"start":{"line":27,"column":24},"end":{"line":175,"column":null}}},"3":{"name":"(anonymous_4)","decl":{"start":{"line":43,"column":17},"end":{"line":43,"column":24}},"loc":{"start":{"line":43,"column":24},"end":{"line":61,"column":null}}},"4":{"name":"(anonymous_5)","decl":{"start":{"line":52,"column":20},"end":{"line":52,"column":null}},"loc":{"start":{"line":52,"column":20},"end":{"line":60,"column":null}}},"5":{"name":"(anonymous_6)","decl":{"start":{"line":161,"column":23},"end":{"line":161,"column":null}},"loc":{"start":{"line":161,"column":23},"end":{"line":165,"column":null}}}},"branchMap":{"0":{"loc":{"start":{"line":47,"column":4},"end":{"line":50,"column":null}},"type":"if","locations":[{"start":{"line":47,"column":4},"end":{"line":50,"column":null}},{"start":{},"end":{}}]},"1":{"loc":{"start":{"line":58,"column":20},"end":{"line":58,"column":null}},"type":"binary-expr","locations":[{"start":{"line":58,"column":20},"end":{"line":58,"column":34}},{"start":{"line":58,"column":34},"end":{"line":58,"column":null}}]},"2":{"loc":{"start":{"line":72,"column":7},"end":{"line":72,"column":null}},"type":"binary-expr","locations":[{"start":{"line":72,"column":7},"end":{"line":72,"column":null}}]},"3":{"loc":{"start":{"line":78,"column":7},"end":{"line":78,"column":null}},"type":"binary-expr","locations":[{"start":{"line":78,"column":7},"end":{"line":78,"column":null}}]},"4":{"loc":{"start":{"line":106,"column":3},"end":{"line":106,"column":40}},"type":"binary-expr","locations":[{"start":{"line":106,"column":3},"end":{"line":106,"column":40}}]},"5":{"loc":{"start":{"line":124,"column":3},"end":{"line":124,"column":36}},"type":"binary-expr","locations":[{"start":{"line":124,"column":3},"end":{"line":124,"column":36}}]},"6":{"loc":{"start":{"line":144,"column":3},"end":{"line":144,"column":43}},"type":"binary-expr","locations":[{"start":{"line":144,"column":3},"end":{"line":144,"column":43}}]},"7":{"loc":{"start":{"line":156,"column":15},"end":{"line":156,"column":null}},"type":"cond-expr","locations":[{"start":{"line":156,"column":25},"end":{"line":156,"column":41}},{"start":{"line":156,"column":41},"end":{"line":156,"column":null}}]}},"s":{"0":8,"1":1,"2":1,"3":1,"4":1,"5":1,"6":1,"7":1,"8":7,"9":7,"10":30,"11":30,"12":30,"13":30,"14":30,"15":30,"16":3,"17":3,"18":3,"19":0,"20":0,"21":3,"22":3,"23":3,"24":1,"25":1,"26":2,"27":1,"28":1,"29":1},"f":{"0":7,"1":7,"2":30,"3":3,"4":3,"5":1},"b":{"0":[0,3],"1":[2,0],"2":[30],"3":[30],"4":[30],"5":[30],"6":[30],"7":[6,24]}}
,"C:\\WHEELS WEB\\wheels_web\\frontend\\app\\admin\\user\\page.tsx": {"path":"C:\\WHEELS WEB\\wheels_web\\frontend\\app\\admin\\user\\page.tsx","statementMap":{"0":{"start":{"line":19,"column":24},"end":{"line":19,"column":null}},"1":{"start":{"line":3,"column":45},"end":{"line":3,"column":null}},"2":{"start":{"line":4,"column":17},"end":{"line":4,"column":null}},"3":{"start":{"line":5,"column":83},"end":{"line":5,"column":null}},"4":{"start":{"line":6,"column":24},"end":{"line":6,"column":null}},"5":{"start":{"line":7,"column":30},"end":{"line":7,"column":null}},"6":{"start":{"line":20,"column":43},"end":{"line":20,"column":null}},"7":{"start":{"line":22,"column":28},"end":{"line":22,"column":null}},"8":{"start":{"line":23,"column":32},"end":{"line":23,"column":null}},"9":{"start":{"line":24,"column":28},"end":{"line":24,"column":null}},"10":{"start":{"line":26,"column":30},"end":{"line":26,"column":null}},"11":{"start":{"line":27,"column":26},"end":{"line":27,"column":null}},"12":{"start":{"line":28,"column":28},"end":{"line":28,"column":null}},"13":{"start":{"line":29,"column":38},"end":{"line":34,"column":null}},"14":{"start":{"line":36,"column":38},"end":{"line":36,"column":null}},"15":{"start":{"line":38,"column":18},"end":{"line":38,"column":null}},"16":{"start":{"line":39,"column":18},"end":{"line":39,"column":57}},"17":{"start":{"line":41,"column":15},"end":{"line":66,"column":null}},"18":{"start":{"line":42,"column":4},"end":{"line":46,"column":null}},"19":{"start":{"line":43,"column":6},"end":{"line":43,"column":null}},"20":{"start":{"line":44,"column":6},"end":{"line":44,"column":null}},"21":{"start":{"line":45,"column":6},"end":{"line":45,"column":null}},"22":{"start":{"line":48,"column":21},"end":{"line":48,"column":null}},"23":{"start":{"line":49,"column":22},"end":{"line":49,"column":null}},"24":{"start":{"line":50,"column":23},"end":{"line":50,"column":null}},"25":{"start":{"line":52,"column":4},"end":{"line":52,"column":null}},"26":{"start":{"line":53,"column":4},"end":{"line":53,"column":null}},"27":{"start":{"line":55,"column":4},"end":{"line":65,"column":null}},"28":{"start":{"line":56,"column":18},"end":{"line":56,"column":null}},"29":{"start":{"line":57,"column":6},"end":{"line":57,"column":null}},"30":{"start":{"line":58,"column":6},"end":{"line":58,"column":null}},"31":{"start":{"line":59,"column":6},"end":{"line":59,"column":null}},"32":{"start":{"line":60,"column":6},"end":{"line":60,"column":null}},"33":{"start":{"line":62,"column":6},"end":{"line":62,"column":null}},"34":{"start":{"line":64,"column":6},"end":{"line":64,"column":null}},"35":{"start":{"line":69,"column":2},"end":{"line":79,"column":null}},"36":{"start":{"line":70,"column":4},"end":{"line":70,"column":null}},"37":{"start":{"line":70,"column":19},"end":{"line":70,"column":null}},"38":{"start":{"line":71,"column":4},"end":{"line":71,"column":null}},"39":{"start":{"line":71,"column":21},"end":{"line":71,"column":null}},"40":{"start":{"line":72,"column":4},"end":{"line":76,"column":null}},"41":{"start":{"line":73,"column":6},"end":{"line":73,"column":null}},"42":{"start":{"line":74,"column":6},"end":{"line":74,"column":null}},"43":{"start":{"line":75,"column":6},"end":{"line":75,"column":null}},"44":{"start":{"line":77,"column":4},"end":{"line":77,"column":null}},"45":{"start":{"line":81,"column":25},"end":{"line":83,"column":null}},"46":{"start":{"line":82,"column":4},"end":{"line":82,"column":null}},"47":{"start":{"line":85,"column":19},"end":{"line":103,"column":null}},"48":{"start":{"line":86,"column":4},"end":{"line":86,"column":null}},"49":{"start":{"line":86,"column":16},"end":{"line":86,"column":null}},"50":{"start":{"line":87,"column":15},"end":{"line":87,"column":null}},"51":{"start":{"line":88,"column":4},"end":{"line":88,"column":null}},"52":{"start":{"line":88,"column":13},"end":{"line":88,"column":null}},"53":{"start":{"line":90,"column":4},"end":{"line":90,"column":null}},"54":{"start":{"line":91,"column":4},"end":{"line":91,"column":null}},"55":{"start":{"line":93,"column":4},"end":{"line":102,"column":null}},"56":{"start":{"line":94,"column":6},"end":{"line":94,"column":null}},"57":{"start":{"line":96,"column":23},"end":{"line":96,"column":null}},"58":{"start":{"line":97,"column":6},"end":{"line":97,"column":null}},"59":{"start":{"line":99,"column":6},"end":{"line":99,"column":null}},"60":{"start":{"line":101,"column":6},"end":{"line":101,"column":null}},"61":{"start":{"line":105,"column":21},"end":{"line":105,"column":null}},"62":{"start":{"line":105,"column":35},"end":{"line":105,"column":47}},"63":{"start":{"line":118,"column":27},"end":{"line":118,"column":null}},"64":{"start":{"line":149,"column":31},"end":{"line":149,"column":null}},"65":{"start":{"line":151,"column":16},"end":{"line":151,"column":null}},"66":{"start":{"line":151,"column":39},"end":{"line":151,"column":null}},"67":{"start":{"line":169,"column":31},"end":{"line":169,"column":null}},"68":{"start":{"line":203,"column":14},"end":{"line":203,"column":31}},"69":{"start":{"line":258,"column":37},"end":{"line":258,"column":null}},"70":{"start":{"line":276,"column":27},"end":{"line":276,"column":null}},"71":{"start":{"line":291,"column":27},"end":{"line":291,"column":null}}},"fnMap":{"0":{"name":"AdminUsersPage","decl":{"start":{"line":19,"column":24},"end":{"line":19,"column":null}},"loc":{"start":{"line":19,"column":24},"end":{"line":307,"column":null}}},"1":{"name":"(anonymous_3)","decl":{"start":{"line":41,"column":15},"end":{"line":41,"column":22}},"loc":{"start":{"line":41,"column":22},"end":{"line":66,"column":null}}},"2":{"name":"(anonymous_4)","decl":{"start":{"line":69,"column":12},"end":{"line":69,"column":null}},"loc":{"start":{"line":69,"column":12},"end":{"line":79,"column":5}}},"3":{"name":"(anonymous_5)","decl":{"start":{"line":81,"column":25},"end":{"line":81,"column":null}},"loc":{"start":{"line":81,"column":25},"end":{"line":83,"column":null}}},"4":{"name":"(anonymous_6)","decl":{"start":{"line":85,"column":19},"end":{"line":85,"column":26}},"loc":{"start":{"line":85,"column":38},"end":{"line":103,"column":null}}},"5":{"name":"(anonymous_7)","decl":{"start":{"line":105,"column":29},"end":{"line":105,"column":35}},"loc":{"start":{"line":105,"column":35},"end":{"line":105,"column":47}}},"6":{"name":"(anonymous_8)","decl":{"start":{"line":118,"column":21},"end":{"line":118,"column":27}},"loc":{"start":{"line":118,"column":27},"end":{"line":118,"column":null}}},"7":{"name":"(anonymous_9)","decl":{"start":{"line":149,"column":24},"end":{"line":149,"column":25}},"loc":{"start":{"line":149,"column":31},"end":{"line":149,"column":null}}},"8":{"name":"(anonymous_10)","decl":{"start":{"line":150,"column":25},"end":{"line":150,"column":26}},"loc":{"start":{"line":150,"column":26},"end":{"line":152,"column":null}}},"9":{"name":"(anonymous_11)","decl":{"start":{"line":169,"column":24},"end":{"line":169,"column":25}},"loc":{"start":{"line":169,"column":31},"end":{"line":169,"column":null}}},"10":{"name":"(anonymous_12)","decl":{"start":{"line":202,"column":22},"end":{"line":202,"column":23}},"loc":{"start":{"line":203,"column":14},"end":{"line":203,"column":31}}},"11":{"name":"(anonymous_13)","decl":{"start":{"line":258,"column":31},"end":{"line":258,"column":37}},"loc":{"start":{"line":258,"column":37},"end":{"line":258,"column":null}}},"12":{"name":"(anonymous_14)","decl":{"start":{"line":276,"column":21},"end":{"line":276,"column":27}},"loc":{"start":{"line":276,"column":27},"end":{"line":276,"column":null}}},"13":{"name":"(anonymous_15)","decl":{"start":{"line":291,"column":21},"end":{"line":291,"column":27}},"loc":{"start":{"line":291,"column":27},"end":{"line":291,"column":null}}}},"branchMap":{"0":{"loc":{"start":{"line":42,"column":4},"end":{"line":46,"column":null}},"type":"if","locations":[{"start":{"line":42,"column":4},"end":{"line":46,"column":null}},{"start":{},"end":{}}]},"1":{"loc":{"start":{"line":48,"column":21},"end":{"line":48,"column":null}},"type":"binary-expr","locations":[{"start":{"line":48,"column":21},"end":{"line":48,"column":39}},{"start":{"line":48,"column":39},"end":{"line":48,"column":null}}]},"2":{"loc":{"start":{"line":49,"column":22},"end":{"line":49,"column":null}},"type":"binary-expr","locations":[{"start":{"line":49,"column":22},"end":{"line":49,"column":41}},{"start":{"line":49,"column":41},"end":{"line":49,"column":null}}]},"3":{"loc":{"start":{"line":50,"column":24},"end":{"line":50,"column":49}},"type":"binary-expr","locations":[{"start":{"line":50,"column":24},"end":{"line":50,"column":44}},{"start":{"line":50,"column":44},"end":{"line":50,"column":49}}]},"4":{"loc":{"start":{"line":57,"column":16},"end":{"line":57,"column":30}},"type":"binary-expr","locations":[{"start":{"line":57,"column":16},"end":{"line":57,"column":24}},{"start":{"line":57,"column":28},"end":{"line":57,"column":30}}]},"5":{"loc":{"start":{"line":58,"column":20},"end":{"line":58,"column":null}},"type":"binary-expr","locations":[{"start":{"line":58,"column":20},"end":{"line":58,"column":34}},{"start":{"line":58,"column":38},"end":{"line":58,"column":null}}]},"6":{"loc":{"start":{"line":62,"column":15},"end":{"line":62,"column":null}},"type":"binary-expr","locations":[{"start":{"line":62,"column":15},"end":{"line":62,"column":24}},{"start":{"line":62,"column":28},"end":{"line":62,"column":null}}]},"7":{"loc":{"start":{"line":70,"column":4},"end":{"line":70,"column":null}},"type":"if","locations":[{"start":{"line":70,"column":4},"end":{"line":70,"column":null}},{"start":{},"end":{}}]},"8":{"loc":{"start":{"line":71,"column":4},"end":{"line":71,"column":null}},"type":"if","locations":[{"start":{"line":71,"column":4},"end":{"line":71,"column":null}},{"start":{},"end":{}}]},"9":{"loc":{"start":{"line":72,"column":4},"end":{"line":76,"column":null}},"type":"if","locations":[{"start":{"line":72,"column":4},"end":{"line":76,"column":null}},{"start":{},"end":{}}]},"10":{"loc":{"start":{"line":86,"column":4},"end":{"line":86,"column":null}},"type":"if","locations":[{"start":{"line":86,"column":4},"end":{"line":86,"column":null}},{"start":{},"end":{}}]},"11":{"loc":{"start":{"line":88,"column":4},"end":{"line":88,"column":null}},"type":"if","locations":[{"start":{"line":88,"column":4},"end":{"line":88,"column":null}},{"start":{},"end":{}}]},"12":{"loc":{"start":{"line":96,"column":51},"end":{"line":96,"column":null}},"type":"binary-expr","locations":[{"start":{"line":96,"column":51},"end":{"line":96,"column":72}},{"start":{"line":96,"column":76},"end":{"line":96,"column":null}}]},"13":{"loc":{"start":{"line":99,"column":15},"end":{"line":99,"column":null}},"type":"binary-expr","locations":[{"start":{"line":99,"column":15},"end":{"line":99,"column":24}},{"start":{"line":99,"column":28},"end":{"line":99,"column":null}}]},"14":{"loc":{"start":{"line":138,"column":7},"end":{"line":138,"column":null}},"type":"binary-expr","locations":[{"start":{"line":138,"column":7},"end":{"line":138,"column":null}}]},"15":{"loc":{"start":{"line":151,"column":16},"end":{"line":151,"column":null}},"type":"if","locations":[{"start":{"line":151,"column":16},"end":{"line":151,"column":null}},{"start":{},"end":{}}]},"16":{"loc":{"start":{"line":197,"column":11},"end":{"line":203,"column":31}},"type":"cond-expr","locations":[{"start":{"line":198,"column":12},"end":{"line":199,"column":20}},{"start":{"line":199,"column":14},"end":{"line":203,"column":31}}]},"17":{"loc":{"start":{"line":199,"column":14},"end":{"line":203,"column":31}},"type":"cond-expr","locations":[{"start":{"line":200,"column":12},"end":{"line":202,"column":18}},{"start":{"line":202,"column":12},"end":{"line":203,"column":31}}]},"18":{"loc":{"start":{"line":216,"column":26},"end":{"line":218,"column":null}},"type":"cond-expr","locations":[{"start":{"line":217,"column":30},"end":{"line":217,"column":null}},{"start":{"line":218,"column":30},"end":{"line":218,"column":null}}]},"19":{"loc":{"start":{"line":225,"column":22},"end":{"line":225,"column":31}},"type":"binary-expr","locations":[{"start":{"line":225,"column":22},"end":{"line":225,"column":31}},{"start":{"line":225,"column":35},"end":{"line":225,"column":44}}]},"20":{"loc":{"start":{"line":227,"column":25},"end":{"line":227,"column":34}},"type":"binary-expr","locations":[{"start":{"line":227,"column":25},"end":{"line":227,"column":34}}]},"21":{"loc":{"start":{"line":230,"column":25},"end":{"line":230,"column":34}},"type":"binary-expr","locations":[{"start":{"line":230,"column":25},"end":{"line":230,"column":34}}]},"22":{"loc":{"start":{"line":264,"column":23},"end":{"line":264,"column":null}},"type":"cond-expr","locations":[{"start":{"line":264,"column":46},"end":{"line":264,"column":62}},{"start":{"line":264,"column":62},"end":{"line":264,"column":null}}]},"23":{"loc":{"start":{"line":276,"column":27},"end":{"line":276,"column":null}},"type":"binary-expr","locations":[{"start":{"line":276,"column":27},"end":{"line":276,"column":38}},{"start":{"line":276,"column":38},"end":{"line":276,"column":null}}]},"24":{"loc":{"start":{"line":277,"column":22},"end":{"line":277,"column":null}},"type":"binary-expr","locations":[{"start":{"line":277,"column":22},"end":{"line":277,"column":34}},{"start":{"line":277,"column":34},"end":{"line":277,"column":null}}]},"25":{"loc":{"start":{"line":291,"column":27},"end":{"line":291,"column":null}},"type":"binary-expr","locations":[{"start":{"line":291,"column":27},"end":{"line":291,"column":38}},{"start":{"line":291,"column":38},"end":{"line":291,"column":null}}]},"26":{"loc":{"start":{"line":292,"column":22},"end":{"line":292,"column":null}},"type":"binary-expr","locations":[{"start":{"line":292,"column":22},"end":{"line":292,"column":34}},{"start":{"line":292,"column":34},"end":{"line":292,"column":null}}]}},"s":{"0":20,"1":1,"2":1,"3":1,"4":1,"5":1,"6":75,"7":75,"8":75,"9":75,"10":75,"11":75,"12":75,"13":75,"14":75,"15":75,"16":75,"17":75,"18":26,"19":0,"20":0,"21":0,"22":26,"23":26,"24":26,"25":26,"26":26,"27":26,"28":26,"29":25,"30":25,"31":25,"32":25,"33":1,"34":26,"35":75,"36":40,"37":0,"38":40,"39":20,"40":20,"41":0,"42":0,"43":0,"44":20,"45":75,"46":2,"47":75,"48":3,"49":0,"50":3,"51":3,"52":1,"53":2,"54":2,"55":2,"56":2,"57":1,"58":1,"59":1,"60":2,"61":75,"62":39,"63":1,"64":2,"65":1,"66":1,"67":1,"68":128,"69":3,"70":0,"71":1},"f":{"0":75,"1":26,"2":40,"3":2,"4":3,"5":39,"6":1,"7":2,"8":1,"9":1,"10":128,"11":3,"12":0,"13":1},"b":{"0":[0,26],"1":[26,1],"2":[26,25],"3":[26,24],"4":[25,0],"5":[25,0],"6":[1,0],"7":[0,40],"8":[20,20],"9":[0,20],"10":[0,3],"11":[1,2],"12":[1,0],"13":[1,0],"14":[75],"15":[1,0],"16":[45,30],"17":[3,27],"18":[74,54],"19":[128,128],"20":[0],"21":[0],"22":[2,126],"23":[0,0],"24":[75,2],"25":[1,1],"26":[75,4]}}
,"C:\\WHEELS WEB\\wheels_web\\frontend\\app\\auth\\schema.ts": {"path":"C:\\WHEELS WEB\\wheels_web\\frontend\\app\\auth\\schema.ts","statementMap":{"0":{"start":{"line":30,"column":15},"end":{"line":30,"column":38}},"1":{"start":{"line":5,"column":13},"end":{"line":5,"column":27}},"2":{"start":{"line":14,"column":13},"end":{"line":14,"column":30}},"3":{"start":{"line":41,"column":13},"end":{"line":41,"column":35}},"4":{"start":{"line":35,"column":13},"end":{"line":35,"column":37}},"5":{"start":{"line":2,"column":18},"end":{"line":2,"column":null}},"6":{"start":{"line":5,"column":27},"end":{"line":8,"column":null}},"7":{"start":{"line":14,"column":30},"end":{"line":26,"column":null}},"8":{"start":{"line":23,"column":20},"end":{"line":23,"column":58}},"9":{"start":{"line":30,"column":38},"end":{"line":32,"column":null}},"10":{"start":{"line":35,"column":37},"end":{"line":38,"column":null}},"11":{"start":{"line":41,"column":35},"end":{"line":50,"column":null}},"12":{"start":{"line":47,"column":17},"end":{"line":47,"column":52}}},"fnMap":{"0":{"name":"(anonymous_6)","decl":{"start":{"line":23,"column":10},"end":{"line":23,"column":11}},"loc":{"start":{"line":23,"column":20},"end":{"line":23,"column":58}}},"1":{"name":"(anonymous_7)","decl":{"start":{"line":47,"column":10},"end":{"line":47,"column":11}},"loc":{"start":{"line":47,"column":17},"end":{"line":47,"column":52}}}},"branchMap":{},"s":{"0":0,"1":5,"2":0,"3":0,"4":0,"5":1,"6":1,"7":1,"8":0,"9":1,"10":1,"11":1,"12":0},"f":{"0":0,"1":0},"b":{}}
,"C:\\WHEELS WEB\\wheels_web\\frontend\\app\\auth\\components\\Loginform.tsx": {"path":"C:\\WHEELS WEB\\wheels_web\\frontend\\app\\auth\\components\\Loginform.tsx","statementMap":{"0":{"start":{"line":11,"column":16},"end":{"line":11,"column":null}},"1":{"start":{"line":3,"column":24},"end":{"line":3,"column":null}},"2":{"start":{"line":4,"column":28},"end":{"line":4,"column":null}},"3":{"start":{"line":5,"column":17},"end":{"line":5,"column":null}},"4":{"start":{"line":6,"column":44},"end":{"line":6,"column":null}},"5":{"start":{"line":7,"column":40},"end":{"line":7,"column":null}},"6":{"start":{"line":8,"column":26},"end":{"line":8,"column":null}},"7":{"start":{"line":9,"column":24},"end":{"line":9,"column":null}},"8":{"start":{"line":12,"column":31},"end":{"line":12,"column":null}},"9":{"start":{"line":13,"column":34},"end":{"line":13,"column":null}},"10":{"start":{"line":14,"column":35},"end":{"line":14,"column":null}},"11":{"start":{"line":20,"column":6},"end":{"line":23,"column":null}},"12":{"start":{"line":25,"column":17},"end":{"line":34,"column":null}},"13":{"start":{"line":26,"column":4},"end":{"line":26,"column":null}},"14":{"start":{"line":27,"column":4},"end":{"line":33,"column":null}},"15":{"start":{"line":28,"column":6},"end":{"line":32,"column":null}},"16":{"start":{"line":29,"column":8},"end":{"line":29,"column":null}},"17":{"start":{"line":31,"column":8},"end":{"line":31,"column":null}}},"fnMap":{"0":{"name":"LoginForm","decl":{"start":{"line":11,"column":16},"end":{"line":11,"column":null}},"loc":{"start":{"line":11,"column":16},"end":{"line":91,"column":null}}},"1":{"name":"(anonymous_3)","decl":{"start":{"line":25,"column":17},"end":{"line":25,"column":24}},"loc":{"start":{"line":25,"column":24},"end":{"line":34,"column":null}}},"2":{"name":"(anonymous_4)","decl":{"start":{"line":27,"column":18},"end":{"line":27,"column":null}},"loc":{"start":{"line":27,"column":18},"end":{"line":33,"column":null}}}},"branchMap":{"0":{"loc":{"start":{"line":31,"column":20},"end":{"line":31,"column":null}},"type":"binary-expr","locations":[{"start":{"line":31,"column":20},"end":{"line":31,"column":31}},{"start":{"line":31,"column":35},"end":{"line":31,"column":null}}]},"1":{"loc":{"start":{"line":48,"column":7},"end":{"line":48,"column":null}},"type":"binary-expr","locations":[{"start":{"line":48,"column":7},"end":{"line":48,"column":null}}]},"2":{"loc":{"start":{"line":57,"column":9},"end":{"line":57,"column":21}},"type":"binary-expr","locations":[{"start":{"line":57,"column":9},"end":{"line":57,"column":21}}]},"3":{"loc":{"start":{"line":65,"column":9},"end":{"line":65,"column":24}},"type":"binary-expr","locations":[{"start":{"line":65,"column":9},"end":{"line":65,"column":24}}]},"4":{"loc":{"start":{"line":77,"column":18},"end":{"line":77,"column":null}},"type":"binary-expr","locations":[{"start":{"line":77,"column":18},"end":{"line":77,"column":34}},{"start":{"line":77,"column":34},"end":{"line":77,"column":45}},{"start":{"line":77,"column":45},"end":{"line":77,"column":null}}]},"5":{"loc":{"start":{"line":80,"column":9},"end":{"line":80,"column":null}},"type":"cond-expr","locations":[{"start":{"line":80,"column":48},"end":{"line":80,"column":66}},{"start":{"line":80,"column":66},"end":{"line":80,"column":null}}]},"6":{"loc":{"start":{"line":80,"column":9},"end":{"line":80,"column":48}},"type":"binary-expr","locations":[{"start":{"line":80,"column":9},"end":{"line":80,"column":25}},{"start":{"line":80,"column":25},"end":{"line":80,"column":36}},{"start":{"line":80,"column":36},"end":{"line":80,"column":48}}]}},"s":{"0":1,"1":1,"2":1,"3":1,"4":1,"5":1,"6":1,"7":1,"8":5,"9":5,"10":5,"11":5,"12":5,"13":1,"14":1,"15":1,"16":1,"17":0},"f":{"0":5,"1":1,"2":1},"b":{"0":[0,0],"1":[5],"2":[5],"3":[5],"4":[5,3,2],"5":[3,2],"6":[5,3,2]}}
,"C:\\WHEELS WEB\\wheels_web\\frontend\\app\\context\\auth-contexts.tsx": {"path":"C:\\WHEELS WEB\\wheels_web\\frontend\\app\\context\\auth-contexts.tsx","statementMap":{"0":{"start":{"line":42,"column":16},"end":{"line":42,"column":29}},"1":{"start":{"line":121,"column":16},"end":{"line":121,"column":null}},"2":{"start":{"line":3,"column":88},"end":{"line":3,"column":null}},"3":{"start":{"line":4,"column":20},"end":{"line":4,"column":null}},"4":{"start":{"line":6,"column":28},"end":{"line":6,"column":null}},"5":{"start":{"line":31,"column":20},"end":{"line":31,"column":null}},"6":{"start":{"line":33,"column":20},"end":{"line":33,"column":null}},"7":{"start":{"line":34,"column":21},"end":{"line":34,"column":null}},"8":{"start":{"line":36,"column":23},"end":{"line":40,"column":null}},"9":{"start":{"line":43,"column":26},"end":{"line":43,"column":null}},"10":{"start":{"line":44,"column":28},"end":{"line":44,"column":null}},"11":{"start":{"line":45,"column":36},"end":{"line":45,"column":null}},"12":{"start":{"line":46,"column":38},"end":{"line":46,"column":null}},"13":{"start":{"line":49,"column":2},"end":{"line":64,"column":null}},"14":{"start":{"line":50,"column":23},"end":{"line":50,"column":null}},"15":{"start":{"line":51,"column":24},"end":{"line":51,"column":null}},"16":{"start":{"line":53,"column":4},"end":{"line":59,"column":null}},"17":{"start":{"line":54,"column":6},"end":{"line":58,"column":null}},"18":{"start":{"line":55,"column":8},"end":{"line":55,"column":null}},"19":{"start":{"line":57,"column":8},"end":{"line":57,"column":null}},"20":{"start":{"line":61,"column":4},"end":{"line":61,"column":null}},"21":{"start":{"line":61,"column":21},"end":{"line":61,"column":null}},"22":{"start":{"line":63,"column":4},"end":{"line":63,"column":null}},"23":{"start":{"line":66,"column":18},"end":{"line":75,"column":null}},"24":{"start":{"line":67,"column":4},"end":{"line":68,"column":null}},"25":{"start":{"line":67,"column":18},"end":{"line":67,"column":null}},"26":{"start":{"line":68,"column":9},"end":{"line":68,"column":null}},"27":{"start":{"line":70,"column":4},"end":{"line":71,"column":null}},"28":{"start":{"line":70,"column":19},"end":{"line":70,"column":null}},"29":{"start":{"line":71,"column":9},"end":{"line":71,"column":null}},"30":{"start":{"line":73,"column":4},"end":{"line":73,"column":null}},"31":{"start":{"line":74,"column":4},"end":{"line":74,"column":null}},"32":{"start":{"line":77,"column":17},"end":{"line":85,"column":null}},"33":{"start":{"line":78,"column":4},"end":{"line":78,"column":null}},"34":{"start":{"line":79,"column":4},"end":{"line":84,"column":null}},"35":{"start":{"line":80,"column":6},"end":{"line":80,"column":null}},"36":{"start":{"line":81,"column":6},"end":{"line":81,"column":null}},"37":{"start":{"line":83,"column":6},"end":{"line":83,"column":null}},"38":{"start":{"line":88,"column":16},"end":{"line":99,"column":null}},"39":{"start":{"line":89,"column":4},"end":{"line":89,"column":null}},"40":{"start":{"line":90,"column":4},"end":{"line":98,"column":null}},"41":{"start":{"line":91,"column":36},"end":{"line":91,"column":null}},"42":{"start":{"line":92,"column":6},"end":{"line":92,"column":null}},"43":{"start":{"line":95,"column":6},"end":{"line":95,"column":null}},"44":{"start":{"line":97,"column":6},"end":{"line":97,"column":null}},"45":{"start":{"line":101,"column":20},"end":{"line":106,"column":null}},"46":{"start":{"line":102,"column":14},"end":{"line":102,"column":null}},"47":{"start":{"line":103,"column":4},"end":{"line":103,"column":null}},"48":{"start":{"line":103,"column":12},"end":{"line":103,"column":null}},"49":{"start":{"line":104,"column":15},"end":{"line":104,"column":null}},"50":{"start":{"line":105,"column":4},"end":{"line":105,"column":null}},"51":{"start":{"line":108,"column":17},"end":{"line":111,"column":null}},"52":{"start":{"line":109,"column":4},"end":{"line":109,"column":null}},"53":{"start":{"line":110,"column":4},"end":{"line":110,"column":null}},"54":{"start":{"line":113,"column":16},"end":{"line":115,"column":null}},"55":{"start":{"line":114,"column":11},"end":{"line":114,"column":null}},"56":{"start":{"line":122,"column":18},"end":{"line":122,"column":null}},"57":{"start":{"line":123,"column":2},"end":{"line":123,"column":null}},"58":{"start":{"line":123,"column":16},"end":{"line":123,"column":null}},"59":{"start":{"line":124,"column":2},"end":{"line":124,"column":null}}},"fnMap":{"0":{"name":"AuthProvider","decl":{"start":{"line":42,"column":16},"end":{"line":42,"column":29}},"loc":{"start":{"line":42,"column":66},"end":{"line":119,"column":null}}},"1":{"name":"(anonymous_5)","decl":{"start":{"line":49,"column":12},"end":{"line":49,"column":null}},"loc":{"start":{"line":49,"column":12},"end":{"line":64,"column":5}}},"2":{"name":"(anonymous_6)","decl":{"start":{"line":66,"column":18},"end":{"line":66,"column":19}},"loc":{"start":{"line":66,"column":42},"end":{"line":75,"column":null}}},"3":{"name":"(anonymous_7)","decl":{"start":{"line":77,"column":17},"end":{"line":77,"column":24}},"loc":{"start":{"line":77,"column":24},"end":{"line":85,"column":null}}},"4":{"name":"(anonymous_8)","decl":{"start":{"line":88,"column":16},"end":{"line":88,"column":23}},"loc":{"start":{"line":88,"column":23},"end":{"line":99,"column":null}}},"5":{"name":"(anonymous_9)","decl":{"start":{"line":101,"column":20},"end":{"line":101,"column":null}},"loc":{"start":{"line":101,"column":20},"end":{"line":106,"column":null}}},"6":{"name":"(anonymous_10)","decl":{"start":{"line":108,"column":17},"end":{"line":108,"column":null}},"loc":{"start":{"line":108,"column":17},"end":{"line":111,"column":null}}},"7":{"name":"(anonymous_11)","decl":{"start":{"line":114,"column":4},"end":{"line":114,"column":11}},"loc":{"start":{"line":114,"column":11},"end":{"line":114,"column":null}}},"8":{"name":"useAuth","decl":{"start":{"line":121,"column":16},"end":{"line":121,"column":null}},"loc":{"start":{"line":121,"column":16},"end":{"line":125,"column":null}}}},"branchMap":{"0":{"loc":{"start":{"line":53,"column":4},"end":{"line":59,"column":null}},"type":"if","locations":[{"start":{"line":53,"column":4},"end":{"line":59,"column":null}},{"start":{},"end":{}}]},"1":{"loc":{"start":{"line":61,"column":4},"end":{"line":61,"column":null}},"type":"if","locations":[{"start":{"line":61,"column":4},"end":{"line":61,"column":null}},{"start":{},"end":{}}]},"2":{"loc":{"start":{"line":67,"column":4},"end":{"line":68,"column":null}},"type":"if","locations":[{"start":{"line":67,"column":4},"end":{"line":68,"column":null}},{"start":{"line":68,"column":9},"end":{"line":68,"column":null}}]},"3":{"loc":{"start":{"line":70,"column":4},"end":{"line":71,"column":null}},"type":"if","locations":[{"start":{"line":70,"column":4},"end":{"line":71,"column":null}},{"start":{"line":71,"column":9},"end":{"line":71,"column":null}}]},"4":{"loc":{"start":{"line":103,"column":4},"end":{"line":103,"column":null}},"type":"if","locations":[{"start":{"line":103,"column":4},"end":{"line":103,"column":null}},{"start":{},"end":{}}]},"5":{"loc":{"start":{"line":123,"column":2},"end":{"line":123,"column":null}},"type":"if","locations":[{"start":{"line":123,"column":2},"end":{"line":123,"column":null}},{"start":{},"end":{}}]}},"s":{"0":64,"1":169,"2":7,"3":7,"4":7,"5":7,"6":7,"7":7,"8":7,"9":128,"10":128,"11":128,"12":128,"13":128,"14":64,"15":64,"16":64,"17":62,"18":62,"19":0,"20":64,"21":64,"22":64,"23":128,"24":0,"25":0,"26":0,"27":0,"28":0,"29":0,"30":0,"31":0,"32":128,"33":0,"34":0,"35":0,"36":0,"37":0,"38":128,"39":0,"40":0,"41":0,"42":0,"43":0,"44":0,"45":128,"46":0,"47":0,"48":0,"49":0,"50":0,"51":128,"52":0,"53":0,"54":128,"55":128,"56":169,"57":169,"58":0,"59":169},"f":{"0":128,"1":64,"2":0,"3":0,"4":0,"5":0,"6":0,"7":128,"8":169},"b":{"0":[62,2],"1":[64,0],"2":[0,0],"3":[0,0],"4":[0,0],"5":[0,169]}}
,"C:\\WHEELS WEB\\wheels_web\\frontend\\app\\lib\\admin-session.tsx": {"path":"C:\\WHEELS WEB\\wheels_web\\frontend\\app\\lib\\admin-session.tsx","statementMap":{"0":{"start":{"line":20,"column":16},"end":{"line":20,"column":null}},"1":{"start":{"line":12,"column":16},"end":{"line":12,"column":null}},"2":{"start":{"line":5,"column":16},"end":{"line":5,"column":33}},"3":{"start":{"line":1,"column":20},"end":{"line":1,"column":null}},"4":{"start":{"line":3,"column":27},"end":{"line":3,"column":null}},"5":{"start":{"line":6,"column":16},"end":{"line":6,"column":null}},"6":{"start":{"line":7,"column":15},"end":{"line":7,"column":null}},"7":{"start":{"line":8,"column":2},"end":{"line":8,"column":null}},"8":{"start":{"line":9,"column":2},"end":{"line":9,"column":null}},"9":{"start":{"line":13,"column":12},"end":{"line":13,"column":null}},"10":{"start":{"line":14,"column":2},"end":{"line":14,"column":null}},"11":{"start":{"line":14,"column":10},"end":{"line":14,"column":null}},"12":{"start":{"line":15,"column":16},"end":{"line":15,"column":null}},"13":{"start":{"line":16,"column":2},"end":{"line":16,"column":null}},"14":{"start":{"line":16,"column":31},"end":{"line":16,"column":null}},"15":{"start":{"line":17,"column":2},"end":{"line":17,"column":null}},"16":{"start":{"line":21,"column":2},"end":{"line":21,"column":null}},"17":{"start":{"line":22,"column":2},"end":{"line":22,"column":null}},"18":{"start":{"line":23,"column":2},"end":{"line":23,"column":null}}},"fnMap":{"0":{"name":"setAdminVerified","decl":{"start":{"line":5,"column":16},"end":{"line":5,"column":33}},"loc":{"start":{"line":5,"column":53},"end":{"line":10,"column":null}}},"1":{"name":"isAdminVerified","decl":{"start":{"line":12,"column":16},"end":{"line":12,"column":null}},"loc":{"start":{"line":12,"column":16},"end":{"line":18,"column":null}}},"2":{"name":"clearAdminVerified","decl":{"start":{"line":20,"column":16},"end":{"line":20,"column":null}},"loc":{"start":{"line":20,"column":16},"end":{"line":24,"column":null}}}},"branchMap":{"0":{"loc":{"start":{"line":5,"column":33},"end":{"line":5,"column":53}},"type":"default-arg","locations":[{"start":{"line":5,"column":51},"end":{"line":5,"column":53}}]},"1":{"loc":{"start":{"line":14,"column":2},"end":{"line":14,"column":null}},"type":"if","locations":[{"start":{"line":14,"column":2},"end":{"line":14,"column":null}},{"start":{},"end":{}}]},"2":{"loc":{"start":{"line":16,"column":2},"end":{"line":16,"column":null}},"type":"if","locations":[{"start":{"line":16,"column":2},"end":{"line":16,"column":null}},{"start":{},"end":{}}]}},"s":{"0":3,"1":9,"2":6,"3":1,"4":1,"5":6,"6":6,"7":6,"8":6,"9":9,"10":9,"11":2,"12":7,"13":7,"14":1,"15":6,"16":3,"17":3,"18":3},"f":{"0":6,"1":9,"2":3},"b":{"0":[0],"1":[2,7],"2":[1,6]}}
,"C:\\WHEELS WEB\\wheels_web\\frontend\\app\\lib\\actions\\auth-action.ts": {"path":"C:\\WHEELS WEB\\wheels_web\\frontend\\app\\lib\\actions\\auth-action.ts","statementMap":{"0":{"start":{"line":4,"column":13},"end":{"line":4,"column":27}},"1":{"start":{"line":2,"column":24},"end":{"line":2,"column":null}},"2":{"start":{"line":4,"column":27},"end":{"line":8,"column":null}},"3":{"start":{"line":5,"column":37},"end":{"line":5,"column":null}},"4":{"start":{"line":6,"column":33},"end":{"line":6,"column":null}},"5":{"start":{"line":7,"column":25},"end":{"line":7,"column":null}}},"fnMap":{"0":{"name":"(anonymous_1)","decl":{"start":{"line":5,"column":10},"end":{"line":5,"column":11}},"loc":{"start":{"line":5,"column":37},"end":{"line":5,"column":null}}},"1":{"name":"(anonymous_2)","decl":{"start":{"line":6,"column":9},"end":{"line":6,"column":10}},"loc":{"start":{"line":6,"column":33},"end":{"line":6,"column":null}}},"2":{"name":"(anonymous_3)","decl":{"start":{"line":7,"column":6},"end":{"line":7,"column":7}},"loc":{"start":{"line":7,"column":25},"end":{"line":7,"column":null}}}},"branchMap":{},"s":{"0":3,"1":8,"2":8,"3":1,"4":1,"5":1},"f":{"0":1,"1":1,"2":1},"b":{}}
,"C:\\WHEELS WEB\\wheels_web\\frontend\\app\\lib\\api\\auth.ts": {"path":"C:\\WHEELS WEB\\wheels_web\\frontend\\app\\lib\\api\\auth.ts","statementMap":{"0":{"start":{"line":19,"column":13},"end":{"line":19,"column":23}},"1":{"start":{"line":1,"column":26},"end":{"line":1,"column":null}},"2":{"start":{"line":2,"column":53},"end":{"line":2,"column":null}},"3":{"start":{"line":19,"column":23},"end":{"line":76,"column":null}},"4":{"start":{"line":21,"column":4},"end":{"line":24,"column":null}},"5":{"start":{"line":28,"column":14},"end":{"line":31,"column":null}},"6":{"start":{"line":32,"column":4},"end":{"line":32,"column":null}},"7":{"start":{"line":36,"column":14},"end":{"line":36,"column":null}},"8":{"start":{"line":37,"column":4},"end":{"line":37,"column":null}},"9":{"start":{"line":41,"column":4},"end":{"line":41,"column":null}},"10":{"start":{"line":45,"column":4},"end":{"line":45,"column":null}},"11":{"start":{"line":50,"column":4},"end":{"line":53,"column":null}},"12":{"start":{"line":57,"column":4},"end":{"line":60,"column":null}},"13":{"start":{"line":64,"column":4},"end":{"line":67,"column":null}},"14":{"start":{"line":71,"column":2},"end":{"line":74,"column":null}}},"fnMap":{"0":{"name":"(anonymous_1)","decl":{"start":{"line":20,"column":10},"end":{"line":20,"column":17}},"loc":{"start":{"line":20,"column":17},"end":{"line":25,"column":null}}},"1":{"name":"(anonymous_2)","decl":{"start":{"line":27,"column":9},"end":{"line":27,"column":16}},"loc":{"start":{"line":27,"column":16},"end":{"line":33,"column":null}}},"2":{"name":"(anonymous_3)","decl":{"start":{"line":35,"column":6},"end":{"line":35,"column":13}},"loc":{"start":{"line":35,"column":13},"end":{"line":38,"column":null}}},"3":{"name":"(anonymous_4)","decl":{"start":{"line":40,"column":18},"end":{"line":40,"column":25}},"loc":{"start":{"line":40,"column":52},"end":{"line":42,"column":null}}},"4":{"name":"(anonymous_5)","decl":{"start":{"line":44,"column":24},"end":{"line":44,"column":31}},"loc":{"start":{"line":44,"column":46},"end":{"line":46,"column":null}}},"5":{"name":"(anonymous_6)","decl":{"start":{"line":49,"column":18},"end":{"line":49,"column":25}},"loc":{"start":{"line":49,"column":25},"end":{"line":54,"column":null}}},"6":{"name":"(anonymous_7)","decl":{"start":{"line":56,"column":19},"end":{"line":56,"column":26}},"loc":{"start":{"line":56,"column":41},"end":{"line":61,"column":null}}},"7":{"name":"(anonymous_8)","decl":{"start":{"line":63,"column":17},"end":{"line":63,"column":24}},"loc":{"start":{"line":63,"column":44},"end":{"line":68,"column":null}}},"8":{"name":"(anonymous_9)","decl":{"start":{"line":70,"column":18},"end":{"line":70,"column":25}},"loc":{"start":{"line":70,"column":65},"end":{"line":75,"column":null}}}},"branchMap":{},"s":{"0":9,"1":15,"2":15,"3":15,"4":1,"5":1,"6":1,"7":1,"8":1,"9":1,"10":1,"11":1,"12":1,"13":1,"14":1},"f":{"0":1,"1":1,"2":1,"3":1,"4":1,"5":1,"6":1,"7":1,"8":1},"b":{}}
,"C:\\WHEELS WEB\\wheels_web\\frontend\\app\\lib\\api\\endpoints.ts": {"path":"C:\\WHEELS WEB\\wheels_web\\frontend\\app\\lib\\api\\endpoints.ts","statementMap":{"0":{"start":{"line":3,"column":13},"end":{"line":3,"column":25}},"1":{"start":{"line":1,"column":17},"end":{"line":1,"column":null}},"2":{"start":{"line":3,"column":25},"end":{"line":50,"column":null}},"3":{"start":{"line":8,"column":30},"end":{"line":8,"column":54}},"4":{"start":{"line":20,"column":33},"end":{"line":20,"column":64}},"5":{"start":{"line":28,"column":27},"end":{"line":28,"column":51}},"6":{"start":{"line":32,"column":36},"end":{"line":32,"column":70}},"7":{"start":{"line":43,"column":35},"end":{"line":43,"column":70}},"8":{"start":{"line":47,"column":34},"end":{"line":47,"column":73}}},"fnMap":{"0":{"name":"(anonymous_1)","decl":{"start":{"line":8,"column":14},"end":{"line":8,"column":15}},"loc":{"start":{"line":8,"column":30},"end":{"line":8,"column":54}}},"1":{"name":"(anonymous_2)","decl":{"start":{"line":20,"column":17},"end":{"line":20,"column":18}},"loc":{"start":{"line":20,"column":33},"end":{"line":20,"column":64}}},"2":{"name":"(anonymous_3)","decl":{"start":{"line":28,"column":11},"end":{"line":28,"column":12}},"loc":{"start":{"line":28,"column":27},"end":{"line":28,"column":51}}},"3":{"name":"(anonymous_4)","decl":{"start":{"line":32,"column":20},"end":{"line":32,"column":21}},"loc":{"start":{"line":32,"column":36},"end":{"line":32,"column":70}}},"4":{"name":"(anonymous_5)","decl":{"start":{"line":43,"column":19},"end":{"line":43,"column":20}},"loc":{"start":{"line":43,"column":35},"end":{"line":43,"column":70}}},"5":{"name":"(anonymous_6)","decl":{"start":{"line":47,"column":18},"end":{"line":47,"column":19}},"loc":{"start":{"line":47,"column":34},"end":{"line":47,"column":73}}}},"branchMap":{"0":{"loc":{"start":{"line":1,"column":17},"end":{"line":1,"column":null}},"type":"binary-expr","locations":[{"start":{"line":1,"column":17},"end":{"line":1,"column":48}},{"start":{"line":1,"column":52},"end":{"line":1,"column":null}}]}},"s":{"0":21,"1":18,"2":18,"3":3,"4":1,"5":0,"6":0,"7":1,"8":1},"f":{"0":3,"1":1,"2":0,"3":0,"4":1,"5":1},"b":{"0":[18,1]}}
,"C:\\WHEELS WEB\\wheels_web\\frontend\\app\\lib\\api\\http.ts": {"path":"C:\\WHEELS WEB\\wheels_web\\frontend\\app\\lib\\api\\http.ts","statementMap":{"0":{"start":{"line":73,"column":22},"end":{"line":73,"column":null}},"1":{"start":{"line":47,"column":22},"end":{"line":47,"column":null}},"2":{"start":{"line":26,"column":22},"end":{"line":26,"column":34}},"3":{"start":{"line":2,"column":14},"end":{"line":2,"column":null}},"4":{"start":{"line":3,"column":18},"end":{"line":3,"column":null}},"5":{"start":{"line":5,"column":2},"end":{"line":9,"column":null}},"6":{"start":{"line":6,"column":4},"end":{"line":6,"column":null}},"7":{"start":{"line":8,"column":4},"end":{"line":8,"column":null}},"8":{"start":{"line":11,"column":2},"end":{"line":11,"column":null}},"9":{"start":{"line":16,"column":4},"end":{"line":20,"column":null}},"10":{"start":{"line":22,"column":2},"end":{"line":22,"column":null}},"11":{"start":{"line":27,"column":14},"end":{"line":35,"column":null}},"12":{"start":{"line":37,"column":17},"end":{"line":37,"column":null}},"13":{"start":{"line":39,"column":2},"end":{"line":41,"column":null}},"14":{"start":{"line":40,"column":4},"end":{"line":40,"column":null}},"15":{"start":{"line":43,"column":2},"end":{"line":43,"column":null}},"16":{"start":{"line":52,"column":14},"end":{"line":61,"column":null}},"17":{"start":{"line":63,"column":17},"end":{"line":63,"column":null}},"18":{"start":{"line":65,"column":2},"end":{"line":67,"column":null}},"19":{"start":{"line":66,"column":4},"end":{"line":66,"column":null}},"20":{"start":{"line":69,"column":2},"end":{"line":69,"column":null}},"21":{"start":{"line":79,"column":14},"end":{"line":89,"column":null}},"22":{"start":{"line":91,"column":17},"end":{"line":91,"column":null}},"23":{"start":{"line":93,"column":2},"end":{"line":95,"column":null}},"24":{"start":{"line":94,"column":4},"end":{"line":94,"column":null}},"25":{"start":{"line":97,"column":2},"end":{"line":97,"column":null}}},"fnMap":{"0":{"name":"parse","decl":{"start":{"line":1,"column":15},"end":{"line":1,"column":21}},"loc":{"start":{"line":1,"column":34},"end":{"line":12,"column":null}}},"1":{"name":"buildErrorMessage","decl":{"start":{"line":14,"column":9},"end":{"line":14,"column":27}},"loc":{"start":{"line":14,"column":89},"end":{"line":23,"column":null}}},"2":{"name":"httpJson","decl":{"start":{"line":26,"column":22},"end":{"line":26,"column":34}},"loc":{"start":{"line":26,"column":72},"end":{"line":44,"column":null}}},"3":{"name":"httpAuthJson","decl":{"start":{"line":47,"column":22},"end":{"line":47,"column":null}},"loc":{"start":{"line":50,"column":27},"end":{"line":70,"column":null}}},"4":{"name":"httpAuthForm","decl":{"start":{"line":73,"column":22},"end":{"line":73,"column":null}},"loc":{"start":{"line":77,"column":27},"end":{"line":98,"column":null}}}},"branchMap":{"0":{"loc":{"start":{"line":6,"column":11},"end":{"line":6,"column":null}},"type":"cond-expr","locations":[{"start":{"line":6,"column":17},"end":{"line":6,"column":35}},{"start":{"line":6,"column":35},"end":{"line":6,"column":null}}]},"1":{"loc":{"start":{"line":16,"column":4},"end":{"line":20,"column":null}},"type":"binary-expr","locations":[{"start":{"line":16,"column":4},"end":{"line":16,"column":null}},{"start":{"line":17,"column":4},"end":{"line":17,"column":null}},{"start":{"line":18,"column":5},"end":{"line":18,"column":57}},{"start":{"line":19,"column":4},"end":{"line":19,"column":null}},{"start":{"line":20,"column":4},"end":{"line":20,"column":null}}]},"2":{"loc":{"start":{"line":18,"column":5},"end":{"line":18,"column":57}},"type":"cond-expr","locations":[{"start":{"line":18,"column":40},"end":{"line":18,"column":51}},{"start":{"line":18,"column":54},"end":{"line":18,"column":57}}]},"3":{"loc":{"start":{"line":26,"column":47},"end":{"line":26,"column":72}},"type":"default-arg","locations":[{"start":{"line":26,"column":70},"end":{"line":26,"column":72}}]},"4":{"loc":{"start":{"line":32,"column":10},"end":{"line":32,"column":31}},"type":"binary-expr","locations":[{"start":{"line":32,"column":10},"end":{"line":32,"column":25}},{"start":{"line":32,"column":29},"end":{"line":32,"column":31}}]},"5":{"loc":{"start":{"line":39,"column":2},"end":{"line":41,"column":null}},"type":"if","locations":[{"start":{"line":39,"column":2},"end":{"line":41,"column":null}},{"start":{},"end":{}}]},"6":{"loc":{"start":{"line":50,"column":2},"end":{"line":50,"column":27}},"type":"default-arg","locations":[{"start":{"line":50,"column":25},"end":{"line":50,"column":27}}]},"7":{"loc":{"start":{"line":58,"column":10},"end":{"line":58,"column":31}},"type":"binary-expr","locations":[{"start":{"line":58,"column":10},"end":{"line":58,"column":25}},{"start":{"line":58,"column":29},"end":{"line":58,"column":31}}]},"8":{"loc":{"start":{"line":65,"column":2},"end":{"line":67,"column":null}},"type":"if","locations":[{"start":{"line":65,"column":2},"end":{"line":67,"column":null}},{"start":{},"end":{}}]},"9":{"loc":{"start":{"line":77,"column":2},"end":{"line":77,"column":27}},"type":"default-arg","locations":[{"start":{"line":77,"column":25},"end":{"line":77,"column":27}}]},"10":{"loc":{"start":{"line":81,"column":12},"end":{"line":81,"column":null}},"type":"binary-expr","locations":[{"start":{"line":81,"column":12},"end":{"line":81,"column":26}},{"start":{"line":81,"column":30},"end":{"line":81,"column":null}}]},"11":{"loc":{"start":{"line":86,"column":10},"end":{"line":86,"column":31}},"type":"binary-expr","locations":[{"start":{"line":86,"column":10},"end":{"line":86,"column":25}},{"start":{"line":86,"column":29},"end":{"line":86,"column":31}}]},"12":{"loc":{"start":{"line":93,"column":2},"end":{"line":95,"column":null}},"type":"if","locations":[{"start":{"line":93,"column":2},"end":{"line":95,"column":null}},{"start":{},"end":{}}]}},"s":{"0":1,"1":1,"2":6,"3":8,"4":8,"5":8,"6":8,"7":1,"8":8,"9":3,"10":3,"11":6,"12":6,"13":6,"14":3,"15":3,"16":1,"17":1,"18":1,"19":0,"20":1,"21":1,"22":1,"23":1,"24":0,"25":1},"f":{"0":8,"1":3,"2":6,"3":1,"4":1},"b":{"0":[6,2],"1":[3,2,2,2,1],"2":[0,2],"3":[5],"4":[6,6],"5":[3,3],"6":[1],"7":[1,1],"8":[0,1],"9":[1],"10":[1,1],"11":[1,1],"12":[0,1]}}
,"C:\\WHEELS WEB\\wheels_web\\frontend\\app\\lib\\api\\order.ts": {"path":"C:\\WHEELS WEB\\wheels_web\\frontend\\app\\lib\\api\\order.ts","statementMap":{"0":{"start":{"line":4,"column":13},"end":{"line":4,"column":30}},"1":{"start":{"line":32,"column":13},"end":{"line":32,"column":25}},"2":{"start":{"line":1,"column":26},"end":{"line":1,"column":null}},"3":{"start":{"line":2,"column":29},"end":{"line":2,"column":null}},"4":{"start":{"line":4,"column":30},"end":{"line":11,"column":null}},"5":{"start":{"line":32,"column":25},"end":{"line":41,"column":null}},"6":{"start":{"line":34,"column":4},"end":{"line":34,"column":null}},"7":{"start":{"line":37,"column":4},"end":{"line":40,"column":null}}},"fnMap":{"0":{"name":"(anonymous_3)","decl":{"start":{"line":33,"column":12},"end":{"line":33,"column":13}},"loc":{"start":{"line":34,"column":4},"end":{"line":34,"column":null}}},"1":{"name":"(anonymous_4)","decl":{"start":{"line":36,"column":14},"end":{"line":36,"column":15}},"loc":{"start":{"line":37,"column":4},"end":{"line":40,"column":null}}}},"branchMap":{},"s":{"0":7,"1":0,"2":1,"3":1,"4":1,"5":1,"6":0,"7":0},"f":{"0":0,"1":0},"b":{}}
}
