TN:
SF:app\_tests_\test-utils\next.tsx
FN:20,(anonymous_0)
FN:21,(anonymous_1)
FN:27,(anonymous_2)
FN:28,(anonymous_3)
FN:32,(anonymous_4)
FN:33,Link
FN:42,(anonymous_6)
FN:43,(anonymous_7)
FN:44,DynamicComponent
FN:13,(anonymous_19)
FN:16,(anonymous_20)
FNF:11
FNH:9
FNDA:4,(anonymous_0)
FNDA:76,(anonymous_1)
FNDA:12,(anonymous_2)
FNDA:0,(anonymous_3)
FNDA:1,(anonymous_4)
FNDA:48,Link
FNDA:1,(anonymous_6)
FNDA:1,(anonymous_7)
FNDA:20,DynamicComponent
FNDA:12,(anonymous_19)
FNDA:0,(anonymous_20)
DA:2,4
DA:5,9
DA:6,4
DA:7,4
DA:8,4
DA:10,4
DA:11,4
DA:13,4
DA:14,12
DA:16,4
DA:17,0
DA:20,4
DA:21,76
DA:27,12
DA:28,0
DA:32,4
DA:33,1
DA:34,48
DA:36,48
DA:37,48
DA:42,4
DA:43,1
DA:44,1
DA:45,20
DA:49,12
DA:50,0
LF:26
LH:23
BRDA:36,0,0,48
BRDA:36,0,1,0
BRDA:36,1,0,0
BRDA:36,1,1,0
BRF:4
BRH:1
end_of_record
TN:
SF:app\_tests_\test-utils\renderWithAuth.tsx
FN:9,renderWithAuth
FNF:1
FNH:1
FNDA:64,renderWithAuth
DA:2,7
DA:3,7
DA:4,7
DA:5,7
DA:9,64
DA:10,64
DA:12,64
DA:16,64
DA:17,0
DA:19,64
DA:20,2
LF:11
LH:10
BRDA:10,0,0,0
BRDA:10,0,1,64
BRDA:10,1,0,64
BRDA:10,1,1,8
BRDA:12,2,0,8
BRDA:12,2,1,56
BRDA:12,3,0,64
BRDA:12,3,1,8
BRDA:16,4,0,64
BRDA:16,4,1,0
BRDA:19,5,0,62
BRDA:19,5,1,2
BRF:12
BRH:10
end_of_record
TN:
SF:app\admin\layout.tsx
FN:10,AdminLayout
FN:15,(anonymous_3)
FN:30,(anonymous_4)
FN:34,(anonymous_5)
FNF:4
FNH:4
FNDA:22,AdminLayout
FNDA:19,(anonymous_3)
FNDA:1,(anonymous_4)
FNDA:6,(anonymous_5)
DA:3,1
DA:4,1
DA:5,1
DA:6,1
DA:7,1
DA:8,1
DA:10,8
DA:11,22
DA:12,22
DA:13,22
DA:15,22
DA:16,19
DA:18,19
DA:19,12
DA:20,12
DA:23,7
DA:24,1
DA:25,1
DA:28,6
DA:30,6
DA:31,1
DA:34,6
DA:37,22
LF:23
LH:23
BRDA:16,0,0,0
BRDA:16,0,1,19
BRDA:18,1,0,12
BRDA:18,1,1,7
BRDA:18,2,0,19
BRDA:18,2,1,9
BRDA:23,3,0,1
BRDA:23,3,1,6
BRDA:31,4,0,1
BRDA:31,4,1,0
BRDA:37,5,0,16
BRDA:37,5,1,6
BRDA:37,6,0,22
BRDA:37,6,1,22
BRF:14
BRH:12
end_of_record
TN:
SF:app\admin\components\AdminSidebar.tsx
FN:25,AdminSidebar
FN:35,(anonymous_4)
FN:101,(anonymous_5)
FNF:3
FNH:3
FNDA:12,AdminSidebar
FNDA:48,(anonymous_4)
FNDA:1,(anonymous_5)
DA:3,1
DA:4,1
DA:12,1
DA:13,1
DA:15,1
DA:20,1
DA:25,12
DA:26,12
DA:27,12
DA:36,48
DA:37,48
DA:39,48
DA:102,1
DA:103,1
LF:14
LH:14
BRDA:37,0,0,48
BRDA:37,0,1,37
BRDA:45,1,0,17
BRDA:45,1,1,31
BRDA:53,2,0,17
BRDA:53,2,1,31
BRF:6
BRH:6
end_of_record
TN:
SF:app\admin\components\AdminTopbar.tsx
FN:13,AdminTopbar
FNF:1
FNH:1
FNDA:4,AdminTopbar
DA:3,1
DA:4,1
DA:5,1
DA:7,1
DA:13,4
DA:14,4
DA:17,4
LF:7
LH:7
BRDA:14,0,0,4
BRDA:14,0,1,0
BRDA:17,1,0,4
BRDA:17,1,1,2
BRDA:18,2,0,1
BRDA:18,2,1,1
BRF:6
BRH:5
end_of_record
TN:
SF:app\admin\components\MapPicker.tsx
FN:16,ClickHandler
FN:18,(anonymous_3)
FN:25,MapPicker
FN:34,(anonymous_5)
FN:52,(anonymous_6)
FNF:5
FNH:3
FNDA:6,ClickHandler
FNDA:0,(anonymous_3)
FNDA:6,MapPicker
FNDA:6,(anonymous_5)
FNDA:0,(anonymous_6)
DA:3,1
DA:4,1
DA:5,1
DA:8,1
DA:17,6
DA:19,0
DA:22,6
DA:25,6
DA:34,6
DA:53,0
DA:54,0
DA:55,0
LF:12
LH:8
BRF:0
BRH:0
end_of_record
TN:
SF:app\admin\components\StatCard.tsx
FN:3,StatCard
FNF:1
FNH:1
FNDA:6,StatCard
DA:3,6
LF:1
LH:1
BRF:0
BRH:0
end_of_record
TN:
SF:app\admin\dashboard\orders\page.tsx
FN:11,AdminOrdersPage
FN:19,(anonymous_2)
FN:23,load
FN:37,(anonymous_4)
FN:42,changeStatus
FN:71,(anonymous_6)
FN:87,(anonymous_7)
FN:89,(anonymous_8)
FNF:8
FNH:8
FNDA:21,AdminOrdersPage
FNDA:19,(anonymous_2)
FNDA:13,load
FNDA:12,(anonymous_4)
FNDA:2,changeStatus
FNDA:7,(anonymous_6)
FNDA:2,(anonymous_7)
FNDA:42,(anonymous_8)
DA:3,1
DA:4,1
DA:5,1
DA:6,1
DA:7,1
DA:9,1
DA:11,6
DA:12,21
DA:13,21
DA:15,21
DA:16,21
DA:17,21
DA:19,21
DA:20,19
DA:24,13
DA:25,7
DA:26,7
DA:27,7
DA:28,7
DA:29,6
DA:31,2
DA:33,7
DA:37,21
DA:38,12
DA:43,2
DA:44,2
DA:45,2
DA:46,2
DA:47,1
DA:49,1
DA:72,7
DA:87,2
DA:90,42
LF:33
LH:33
BRDA:20,0,0,2
BRDA:20,0,1,17
BRDA:24,1,0,6
BRDA:24,1,1,7
BRDA:31,2,0,2
BRDA:31,2,1,0
BRDA:43,3,0,0
BRDA:43,3,1,2
BRDA:49,4,0,1
BRDA:49,4,1,0
BRDA:60,5,0,21
BRDA:66,6,0,12
BRDA:68,7,0,2
BRF:13
BRH:10
end_of_record
TN:
SF:app\admin\dashboard\providers\page.tsx
FN:15,(anonymous_5)
FN:15,(anonymous_6)
FN:17,AdminProvidersPage
FN:39,(anonymous_9)
FN:43,load
FN:57,(anonymous_11)
FN:62,reset
FN:74,toggleCat
FN:75,(anonymous_14)
FN:75,(anonymous_15)
FN:78,save
FN:108,remove
FN:119,edit
FN:131,(anonymous_19)
FN:154,(anonymous_20)
FN:161,(anonymous_21)
FN:170,(anonymous_22)
FN:180,(anonymous_23)
FN:188,(anonymous_24)
FN:190,(anonymous_25)
FN:210,(anonymous_26)
FN:223,(anonymous_27)
FN:257,(anonymous_28)
FN:275,(anonymous_29)
FN:281,(anonymous_30)
FNF:25
FNH:12
FNDA:0,(anonymous_5)
FNDA:0,(anonymous_6)
FNDA:21,AdminProvidersPage
FNDA:20,(anonymous_9)
FNDA:14,load
FNDA:12,(anonymous_11)
FNDA:1,reset
FNDA:0,toggleCat
FNDA:0,(anonymous_14)
FNDA:0,(anonymous_15)
FNDA:1,save
FNDA:1,remove
FNDA:0,edit
FNDA:6,(anonymous_19)
FNDA:1,(anonymous_20)
FNDA:0,(anonymous_21)
FNDA:0,(anonymous_22)
FNDA:0,(anonymous_23)
FNDA:63,(anonymous_24)
FNDA:0,(anonymous_25)
FNDA:0,(anonymous_26)
FNDA:0,(anonymous_27)
FNDA:4,(anonymous_28)
FNDA:0,(anonymous_29)
FNDA:1,(anonymous_30)
DA:3,1
DA:4,1
DA:5,1
DA:6,1
DA:7,1
DA:8,1
DA:11,1
DA:12,1
DA:15,0
DA:17,6
DA:18,21
DA:19,21
DA:21,21
DA:22,21
DA:23,21
DA:25,21
DA:26,21
DA:27,21
DA:28,21
DA:29,21
DA:30,21
DA:31,21
DA:34,21
DA:35,21
DA:37,21
DA:39,21
DA:40,20
DA:44,14
DA:45,8
DA:46,8
DA:47,8
DA:48,8
DA:49,8
DA:51,1
DA:53,8
DA:57,21
DA:58,12
DA:63,1
DA:64,1
DA:65,1
DA:66,1
DA:67,1
DA:68,1
DA:69,1
DA:70,1
DA:71,1
DA:75,0
DA:79,1
DA:80,1
DA:81,1
DA:82,1
DA:84,1
DA:96,1
DA:97,1
DA:99,1
DA:100,1
DA:102,0
DA:104,1
DA:109,1
DA:110,1
DA:111,1
DA:112,1
DA:113,1
DA:115,0
DA:120,0
DA:121,0
DA:122,0
DA:123,0
DA:124,0
DA:125,0
DA:126,0
DA:127,0
DA:128,0
DA:131,21
DA:154,1
DA:161,0
DA:170,0
DA:180,0
DA:189,63
DA:190,0
DA:211,0
DA:212,0
DA:223,0
DA:258,4
DA:275,0
DA:281,1
LF:86
LH:65
BRDA:40,0,0,2
BRDA:40,0,1,18
BRDA:44,1,0,6
BRDA:44,1,1,8
BRDA:51,2,0,1
BRDA:51,2,1,0
BRDA:75,3,0,0
BRDA:75,3,1,0
BRDA:79,4,0,0
BRDA:79,4,1,1
BRDA:86,5,0,0
BRDA:86,5,1,1
BRDA:96,6,0,0
BRDA:96,6,1,1
BRDA:102,7,0,0
BRDA:102,7,1,0
BRDA:109,8,0,0
BRDA:109,8,1,1
BRDA:115,9,0,0
BRDA:115,9,1,0
BRDA:121,10,0,0
BRDA:121,10,1,0
BRDA:122,11,0,0
BRDA:122,11,1,0
BRDA:123,12,0,0
BRDA:123,12,1,0
BRDA:124,13,0,0
BRDA:124,13,1,0
BRDA:125,14,0,0
BRDA:125,14,1,0
BRDA:140,15,0,21
BRDA:147,16,0,0
BRDA:147,16,1,21
BRDA:230,17,0,21
BRDA:230,17,1,20
BRDA:233,18,0,1
BRDA:233,18,1,20
BRDA:233,19,0,0
BRDA:233,19,1,20
BRDA:236,20,0,0
BRDA:236,20,1,21
BRDA:252,21,0,12
BRDA:254,22,0,5
BRDA:262,23,0,4
BRDA:262,23,1,4
BRDA:262,24,0,4
BRDA:262,24,1,0
BRDA:266,25,0,0
BRDA:266,25,1,4
BRDA:266,26,0,4
BRDA:266,26,1,4
BRF:51
BRH:25
end_of_record
TN:
SF:app\admin\settings\page.tsx
FN:16,(anonymous_1)
FN:20,(anonymous_2)
FN:27,SettingsPage
FN:43,(anonymous_4)
FN:52,(anonymous_5)
FN:161,(anonymous_6)
FNF:6
FNH:6
FNDA:7,(anonymous_1)
FNDA:7,(anonymous_2)
FNDA:30,SettingsPage
FNDA:3,(anonymous_4)
FNDA:3,(anonymous_5)
FNDA:1,(anonymous_6)
DA:3,1
DA:4,1
DA:5,1
DA:6,1
DA:7,1
DA:8,1
DA:10,1
DA:16,7
DA:20,7
DA:27,8
DA:28,30
DA:29,30
DA:30,30
DA:31,30
DA:33,30
DA:43,30
DA:44,3
DA:45,3
DA:47,3
DA:48,0
DA:49,0
DA:52,3
DA:53,3
DA:54,3
DA:55,1
DA:56,1
DA:58,2
DA:162,1
DA:163,1
DA:164,1
LF:30
LH:28
BRDA:47,0,0,0
BRDA:47,0,1,3
BRDA:58,1,0,2
BRDA:58,1,1,0
BRDA:72,2,0,30
BRDA:78,3,0,30
BRDA:106,4,0,30
BRDA:124,5,0,30
BRDA:144,6,0,30
BRDA:156,7,0,6
BRDA:156,7,1,24
BRF:11
BRH:9
end_of_record
TN:
SF:app\admin\user\page.tsx
FN:19,AdminUsersPage
FN:41,(anonymous_3)
FN:69,(anonymous_4)
FN:81,(anonymous_5)
FN:85,(anonymous_6)
FN:105,(anonymous_7)
FN:118,(anonymous_8)
FN:149,(anonymous_9)
FN:150,(anonymous_10)
FN:169,(anonymous_11)
FN:202,(anonymous_12)
FN:258,(anonymous_13)
FN:276,(anonymous_14)
FN:291,(anonymous_15)
FNF:14
FNH:13
FNDA:75,AdminUsersPage
FNDA:26,(anonymous_3)
FNDA:40,(anonymous_4)
FNDA:2,(anonymous_5)
FNDA:3,(anonymous_6)
FNDA:39,(anonymous_7)
FNDA:1,(anonymous_8)
FNDA:2,(anonymous_9)
FNDA:1,(anonymous_10)
FNDA:1,(anonymous_11)
FNDA:128,(anonymous_12)
FNDA:3,(anonymous_13)
FNDA:0,(anonymous_14)
FNDA:1,(anonymous_15)
DA:3,1
DA:4,1
DA:5,1
DA:6,1
DA:7,1
DA:19,20
DA:20,75
DA:22,75
DA:23,75
DA:24,75
DA:26,75
DA:27,75
DA:28,75
DA:29,75
DA:36,75
DA:38,75
DA:39,75
DA:41,75
DA:42,26
DA:43,0
DA:44,0
DA:45,0
DA:48,26
DA:49,26
DA:50,26
DA:52,26
DA:53,26
DA:55,26
DA:56,26
DA:57,25
DA:58,25
DA:59,25
DA:60,25
DA:62,1
DA:64,26
DA:69,75
DA:70,40
DA:71,40
DA:72,20
DA:73,0
DA:74,0
DA:75,0
DA:77,20
DA:81,75
DA:82,2
DA:85,75
DA:86,3
DA:87,3
DA:88,3
DA:90,2
DA:91,2
DA:93,2
DA:94,2
DA:96,1
DA:97,1
DA:99,1
DA:101,2
DA:105,75
DA:118,1
DA:149,2
DA:151,1
DA:169,1
DA:203,128
DA:258,3
DA:276,0
DA:291,1
LF:66
LH:59
BRDA:42,0,0,0
BRDA:42,0,1,26
BRDA:48,1,0,26
BRDA:48,1,1,1
BRDA:49,2,0,26
BRDA:49,2,1,25
BRDA:50,3,0,26
BRDA:50,3,1,24
BRDA:57,4,0,25
BRDA:57,4,1,0
BRDA:58,5,0,25
BRDA:58,5,1,0
BRDA:62,6,0,1
BRDA:62,6,1,0
BRDA:70,7,0,0
BRDA:70,7,1,40
BRDA:71,8,0,20
BRDA:71,8,1,20
BRDA:72,9,0,0
BRDA:72,9,1,20
BRDA:86,10,0,0
BRDA:86,10,1,3
BRDA:88,11,0,1
BRDA:88,11,1,2
BRDA:96,12,0,1
BRDA:96,12,1,0
BRDA:99,13,0,1
BRDA:99,13,1,0
BRDA:138,14,0,75
BRDA:151,15,0,1
BRDA:151,15,1,0
BRDA:197,16,0,45
BRDA:197,16,1,30
BRDA:199,17,0,3
BRDA:199,17,1,27
BRDA:216,18,0,74
BRDA:216,18,1,54
BRDA:225,19,0,128
BRDA:225,19,1,128
BRDA:227,20,0,0
BRDA:230,21,0,0
BRDA:264,22,0,2
BRDA:264,22,1,126
BRDA:276,23,0,0
BRDA:276,23,1,0
BRDA:277,24,0,75
BRDA:277,24,1,2
BRDA:291,25,0,1
BRDA:291,25,1,1
BRDA:292,26,0,75
BRDA:292,26,1,4
BRF:51
BRH:37
end_of_record
TN:
SF:app\auth\schema.ts
FN:23,(anonymous_6)
FN:47,(anonymous_7)
FNF:2
FNH:0
FNDA:0,(anonymous_6)
FNDA:0,(anonymous_7)
DA:2,1
DA:5,5
DA:14,1
DA:23,0
DA:30,1
DA:35,1
DA:41,1
DA:47,0
LF:8
LH:6
BRF:0
BRH:0
end_of_record
TN:
SF:app\auth\components\Loginform.tsx
FN:11,LoginForm
FN:25,(anonymous_3)
FN:27,(anonymous_4)
FNF:3
FNH:3
FNDA:5,LoginForm
FNDA:1,(anonymous_3)
FNDA:1,(anonymous_4)
DA:3,1
DA:4,1
DA:5,1
DA:6,1
DA:7,1
DA:8,1
DA:9,1
DA:11,1
DA:12,5
DA:13,5
DA:14,5
DA:20,5
DA:25,5
DA:26,1
DA:27,1
DA:28,1
DA:29,1
DA:31,0
LF:18
LH:17
BRDA:31,0,0,0
BRDA:31,0,1,0
BRDA:48,1,0,5
BRDA:57,2,0,5
BRDA:65,3,0,5
BRDA:77,4,0,5
BRDA:77,4,1,3
BRDA:77,4,2,2
BRDA:80,5,0,3
BRDA:80,5,1,2
BRDA:80,6,0,5
BRDA:80,6,1,3
BRDA:80,6,2,2
BRF:13
BRH:11
end_of_record
TN:
SF:app\context\auth-contexts.tsx
FN:42,AuthProvider
FN:49,(anonymous_5)
FN:66,(anonymous_6)
FN:77,(anonymous_7)
FN:88,(anonymous_8)
FN:101,(anonymous_9)
FN:108,(anonymous_10)
FN:114,(anonymous_11)
FN:121,useAuth
FNF:9
FNH:4
FNDA:128,AuthProvider
FNDA:64,(anonymous_5)
FNDA:0,(anonymous_6)
FNDA:0,(anonymous_7)
FNDA:0,(anonymous_8)
FNDA:0,(anonymous_9)
FNDA:0,(anonymous_10)
FNDA:128,(anonymous_11)
FNDA:169,useAuth
DA:3,7
DA:4,7
DA:6,7
DA:31,7
DA:33,7
DA:34,7
DA:36,7
DA:42,64
DA:43,128
DA:44,128
DA:45,128
DA:46,128
DA:49,128
DA:50,64
DA:51,64
DA:53,64
DA:54,62
DA:55,62
DA:57,0
DA:61,64
DA:63,64
DA:66,128
DA:67,0
DA:68,0
DA:70,0
DA:71,0
DA:73,0
DA:74,0
DA:77,128
DA:78,0
DA:79,0
DA:80,0
DA:81,0
DA:83,0
DA:88,128
DA:89,0
DA:90,0
DA:91,0
DA:92,0
DA:95,0
DA:97,0
DA:101,128
DA:102,0
DA:103,0
DA:104,0
DA:105,0
DA:108,128
DA:109,0
DA:110,0
DA:113,128
DA:114,128
DA:121,169
DA:122,169
DA:123,169
DA:124,169
LF:55
LH:31
BRDA:53,0,0,62
BRDA:53,0,1,2
BRDA:61,1,0,64
BRDA:61,1,1,0
BRDA:67,2,0,0
BRDA:67,2,1,0
BRDA:70,3,0,0
BRDA:70,3,1,0
BRDA:103,4,0,0
BRDA:103,4,1,0
BRDA:123,5,0,0
BRDA:123,5,1,169
BRF:12
BRH:4
end_of_record
TN:
SF:app\lib\admin-session.tsx
FN:5,setAdminVerified
FN:12,isAdminVerified
FN:20,clearAdminVerified
FNF:3
FNH:3
FNDA:6,setAdminVerified
FNDA:9,isAdminVerified
FNDA:3,clearAdminVerified
DA:1,1
DA:3,1
DA:5,6
DA:6,6
DA:7,6
DA:8,6
DA:9,6
DA:12,9
DA:13,9
DA:14,9
DA:15,7
DA:16,7
DA:17,6
DA:20,3
DA:21,3
DA:22,3
DA:23,3
LF:17
LH:17
BRDA:5,0,0,0
BRDA:14,1,0,2
BRDA:14,1,1,7
BRDA:16,2,0,1
BRDA:16,2,1,6
BRF:5
BRH:4
end_of_record
TN:
SF:app\lib\actions\auth-action.ts
FN:5,(anonymous_1)
FN:6,(anonymous_2)
FN:7,(anonymous_3)
FNF:3
FNH:3
FNDA:1,(anonymous_1)
FNDA:1,(anonymous_2)
FNDA:1,(anonymous_3)
DA:2,8
DA:4,8
DA:5,1
DA:6,1
DA:7,1
LF:5
LH:5
BRF:0
BRH:0
end_of_record
TN:
SF:app\lib\api\auth.ts
FN:20,(anonymous_1)
FN:27,(anonymous_2)
FN:35,(anonymous_3)
FN:40,(anonymous_4)
FN:44,(anonymous_5)
FN:49,(anonymous_6)
FN:56,(anonymous_7)
FN:63,(anonymous_8)
FN:70,(anonymous_9)
FNF:9
FNH:9
FNDA:1,(anonymous_1)
FNDA:1,(anonymous_2)
FNDA:1,(anonymous_3)
FNDA:1,(anonymous_4)
FNDA:1,(anonymous_5)
FNDA:1,(anonymous_6)
FNDA:1,(anonymous_7)
FNDA:1,(anonymous_8)
FNDA:1,(anonymous_9)
DA:1,15
DA:2,15
DA:19,15
DA:21,1
DA:28,1
DA:32,1
DA:36,1
DA:37,1
DA:41,1
DA:45,1
DA:50,1
DA:57,1
DA:64,1
DA:71,1
LF:14
LH:14
BRF:0
BRH:0
end_of_record
TN:
SF:app\lib\api\endpoints.ts
FN:8,(anonymous_1)
FN:20,(anonymous_2)
FN:28,(anonymous_3)
FN:32,(anonymous_4)
FN:43,(anonymous_5)
FN:47,(anonymous_6)
FNF:6
FNH:4
FNDA:3,(anonymous_1)
FNDA:1,(anonymous_2)
FNDA:0,(anonymous_3)
FNDA:0,(anonymous_4)
FNDA:1,(anonymous_5)
FNDA:1,(anonymous_6)
DA:1,18
DA:3,21
DA:8,3
DA:20,1
DA:28,0
DA:32,0
DA:43,1
DA:47,1
LF:8
LH:6
BRDA:1,0,0,18
BRDA:1,0,1,1
BRF:2
BRH:2
end_of_record
TN:
SF:app\lib\api\http.ts
FN:1,parse
FN:14,buildErrorMessage
FN:26,httpJson
FN:47,httpAuthJson
FN:73,httpAuthForm
FNF:5
FNH:5
FNDA:8,parse
FNDA:3,buildErrorMessage
FNDA:6,httpJson
FNDA:1,httpAuthJson
FNDA:1,httpAuthForm
DA:2,8
DA:3,8
DA:5,8
DA:6,8
DA:8,1
DA:11,8
DA:16,3
DA:22,3
DA:26,6
DA:27,6
DA:37,6
DA:39,6
DA:40,3
DA:43,3
DA:47,1
DA:52,1
DA:63,1
DA:65,1
DA:66,0
DA:69,1
DA:73,1
DA:79,1
DA:91,1
DA:93,1
DA:94,0
DA:97,1
LF:26
LH:24
BRDA:6,0,0,6
BRDA:6,0,1,2
BRDA:16,1,0,3
BRDA:16,1,1,2
BRDA:16,1,2,2
BRDA:16,1,3,2
BRDA:16,1,4,1
BRDA:18,2,0,0
BRDA:18,2,1,2
BRDA:26,3,0,5
BRDA:32,4,0,6
BRDA:32,4,1,6
BRDA:39,5,0,3
BRDA:39,5,1,3
BRDA:50,6,0,1
BRDA:58,7,0,1
BRDA:58,7,1,1
BRDA:65,8,0,0
BRDA:65,8,1,1
BRDA:77,9,0,1
BRDA:81,10,0,1
BRDA:81,10,1,1
BRDA:86,11,0,1
BRDA:86,11,1,1
BRDA:93,12,0,0
BRDA:93,12,1,1
BRF:26
BRH:23
end_of_record
TN:
SF:app\lib\api\order.ts
FN:33,(anonymous_3)
FN:36,(anonymous_4)
FNF:2
FNH:0
FNDA:0,(anonymous_3)
FNDA:0,(anonymous_4)
DA:1,1
DA:2,1
DA:4,7
DA:32,1
DA:34,0
DA:37,0
LF:6
LH:4
BRF:0
BRH:0
end_of_record
